<?xml version="1.0" encoding="UTF-8"?>
<coverage generated="1605921817476" clover="3.2.0">
  <project timestamp="1605921817476" name="All files">
    <metrics statements="239" coveredstatements="237" conditionals="261" coveredconditionals="259" methods="50" coveredmethods="49" elements="550" coveredelements="545" complexity="0" loc="239" ncloc="239" packages="1" files="4" classes="4"/>
    <file name="Check4.js" path="/home/ty/Projects/check4/src/Check4.js">
      <metrics statements="136" coveredstatements="134" conditionals="141" coveredconditionals="139" methods="19" coveredmethods="18"/>
      <line num="17" count="43" type="cond" truecount="4" falsecount="0"/>
      <line num="18" count="1" type="stmt"/>
      <line num="20" count="42" type="cond" truecount="2" falsecount="0"/>
      <line num="22" count="42" type="stmt"/>
      <line num="85" count="42" type="stmt"/>
      <line num="86" count="42" type="stmt"/>
      <line num="87" count="42" type="stmt"/>
      <line num="88" count="42" type="stmt"/>
      <line num="89" count="42" type="stmt"/>
      <line num="90" count="42" type="stmt"/>
      <line num="91" count="42" type="stmt"/>
      <line num="92" count="42" type="stmt"/>
      <line num="93" count="42" type="stmt"/>
      <line num="94" count="42" type="stmt"/>
      <line num="97" count="42" type="stmt"/>
      <line num="98" count="42" type="stmt"/>
      <line num="99" count="42" type="stmt"/>
      <line num="100" count="42" type="stmt"/>
      <line num="101" count="42" type="stmt"/>
      <line num="102" count="42" type="stmt"/>
      <line num="103" count="42" type="stmt"/>
      <line num="104" count="42" type="stmt"/>
      <line num="105" count="42" type="stmt"/>
      <line num="106" count="42" type="stmt"/>
      <line num="107" count="42" type="stmt"/>
      <line num="115" count="3" type="stmt"/>
      <line num="129" count="114" type="stmt"/>
      <line num="137" count="9" type="stmt"/>
      <line num="144" count="9" type="cond" truecount="2" falsecount="0"/>
      <line num="145" count="9" type="cond" truecount="2" falsecount="0"/>
      <line num="146" count="9" type="cond" truecount="2" falsecount="0"/>
      <line num="147" count="9" type="cond" truecount="2" falsecount="0"/>
      <line num="148" count="9" type="cond" truecount="2" falsecount="0"/>
      <line num="149" count="9" type="cond" truecount="2" falsecount="0"/>
      <line num="150" count="9" type="cond" truecount="2" falsecount="0"/>
      <line num="151" count="9" type="cond" truecount="2" falsecount="0"/>
      <line num="153" count="9" type="stmt"/>
      <line num="156" count="36" type="stmt"/>
      <line num="157" count="36" type="cond" truecount="2" falsecount="0"/>
      <line num="158" count="36" type="stmt"/>
      <line num="172" count="3" type="stmt"/>
      <line num="173" count="3" type="stmt"/>
      <line num="186" count="132" type="stmt"/>
      <line num="187" count="132" type="stmt"/>
      <line num="188" count="132" type="cond" truecount="4" falsecount="0"/>
      <line num="189" count="3" type="stmt"/>
      <line num="193" count="129" type="stmt"/>
      <line num="194" count="129" type="stmt"/>
      <line num="195" count="129" type="stmt"/>
      <line num="196" count="447" type="stmt"/>
      <line num="197" count="447" type="cond" truecount="2" falsecount="0"/>
      <line num="201" count="9" type="stmt"/>
      <line num="206" count="438" type="cond" truecount="2" falsecount="0"/>
      <line num="210" count="16" type="stmt"/>
      <line num="215" count="104" type="stmt"/>
      <line num="226" count="393" type="cond" truecount="2" falsecount="0"/>
      <line num="227" count="6" type="stmt"/>
      <line num="228" count="387" type="cond" truecount="2" falsecount="0"/>
      <line num="244" count="121" type="cond" truecount="2" falsecount="0"/>
      <line num="245" count="120" type="cond" truecount="2" falsecount="0"/>
      <line num="246" count="119" type="stmt"/>
      <line num="247" count="119" type="cond" truecount="2" falsecount="0"/>
      <line num="248" count="119" type="stmt"/>
      <line num="249" count="119" type="stmt"/>
      <line num="250" count="119" type="stmt"/>
      <line num="251" count="119" type="cond" truecount="4" falsecount="0"/>
      <line num="252" count="5" type="stmt"/>
      <line num="253" count="114" type="stmt"/>
      <line num="262" count="116" type="cond" truecount="2" falsecount="0"/>
      <line num="263" count="1" type="stmt"/>
      <line num="272" count="114" type="cond" truecount="2" falsecount="0"/>
      <line num="273" count="2" type="stmt"/>
      <line num="274" count="112" type="stmt"/>
      <line num="286" count="112" type="cond" truecount="2" falsecount="0"/>
      <line num="287" count="92" type="cond" truecount="2" falsecount="0"/>
      <line num="288" count="1" type="stmt"/>
      <line num="297" count="91" type="stmt"/>
      <line num="298" count="91" type="cond" truecount="2" falsecount="0"/>
      <line num="299" count="91" type="stmt"/>
      <line num="302" count="20" type="stmt"/>
      <line num="312" count="20" type="cond" truecount="2" falsecount="0"/>
      <line num="313" count="16" type="stmt"/>
      <line num="315" count="4" type="stmt"/>
      <line num="331" count="16" type="cond" truecount="2" falsecount="0"/>
      <line num="332" count="4" type="cond" truecount="2" falsecount="0"/>
      <line num="333" count="4" type="cond" truecount="2" falsecount="0"/>
      <line num="336" count="4" type="stmt"/>
      <line num="337" count="4" type="stmt"/>
      <line num="338" count="4" type="stmt"/>
      <line num="339" count="5" type="cond" truecount="2" falsecount="0"/>
      <line num="340" count="4" type="stmt"/>
      <line num="343" count="1" type="stmt"/>
      <line num="344" count="1" type="stmt"/>
      <line num="346" count="12" type="cond" truecount="2" falsecount="0"/>
      <line num="348" count="6" type="cond" truecount="2" falsecount="0"/>
      <line num="354" count="4" type="cond" truecount="2" falsecount="0"/>
      <line num="355" count="4" type="cond" truecount="2" falsecount="0"/>
      <line num="357" count="4" type="stmt"/>
      <line num="358" count="2" type="cond" truecount="1" falsecount="1"/>
      <line num="359" count="2" type="stmt"/>
      <line num="362" count="0" type="stmt"/>
      <line num="370" count="2" type="cond" truecount="2" falsecount="0"/>
      <line num="371" count="2" type="cond" truecount="2" falsecount="0"/>
      <line num="373" count="2" type="stmt"/>
      <line num="374" count="2" type="cond" truecount="1" falsecount="1"/>
      <line num="375" count="2" type="stmt"/>
      <line num="378" count="0" type="stmt"/>
      <line num="383" count="8" type="stmt"/>
      <line num="394" count="8" type="stmt"/>
      <line num="396" count="8" type="cond" truecount="2" falsecount="0"/>
      <line num="397" count="6" type="cond" truecount="2" falsecount="0"/>
      <line num="398" count="1" type="stmt"/>
      <line num="400" count="5" type="stmt"/>
      <line num="404" count="7" type="stmt"/>
      <line num="405" count="7" type="stmt"/>
      <line num="413" count="46" type="cond" truecount="2" falsecount="0"/>
      <line num="414" count="45" type="cond" truecount="2" falsecount="0"/>
      <line num="415" count="37" type="cond" truecount="2" falsecount="0"/>
      <line num="420" count="46" type="cond" truecount="2" falsecount="0"/>
      <line num="428" count="98" type="cond" truecount="2" falsecount="0"/>
      <line num="429" count="98" type="stmt"/>
      <line num="433" count="98" type="cond" truecount="2" falsecount="0"/>
      <line num="434" count="91" type="stmt"/>
      <line num="443" count="98" type="cond" truecount="2" falsecount="0"/>
      <line num="449" count="91" type="stmt"/>
      <line num="453" count="7" type="stmt"/>
      <line num="454" count="7" type="stmt"/>
      <line num="457" count="7" type="cond" truecount="2" falsecount="0"/>
      <line num="462" count="1" type="stmt"/>
      <line num="465" count="6" type="cond" truecount="2" falsecount="0"/>
      <line num="470" count="1" type="stmt"/>
      <line num="474" count="5" type="stmt"/>
      <line num="480" count="5" type="stmt"/>
      <line num="481" count="12" type="cond" truecount="2" falsecount="0"/>
      <line num="482" count="4" type="stmt"/>
      <line num="486" count="1" type="stmt"/>
    </file>
    <file name="Check4Errors.js" path="/home/ty/Projects/check4/src/Check4Errors.js">
      <metrics statements="11" coveredstatements="11" conditionals="7" coveredconditionals="7" methods="4" coveredmethods="4"/>
      <line num="10" count="39" type="stmt"/>
      <line num="11" count="39" type="stmt"/>
      <line num="21" count="24" type="stmt"/>
      <line num="22" count="24" type="stmt"/>
      <line num="23" count="24" type="stmt"/>
      <line num="33" count="7" type="stmt"/>
      <line num="34" count="7" type="stmt"/>
      <line num="35" count="7" type="stmt"/>
      <line num="45" count="6" type="stmt"/>
      <line num="46" count="6" type="stmt"/>
      <line num="47" count="6" type="stmt"/>
    </file>
    <file name="MiddlewareStack.js" path="/home/ty/Projects/check4/src/MiddlewareStack.js">
      <metrics statements="23" coveredstatements="23" conditionals="15" coveredconditionals="15" methods="8" coveredmethods="8"/>
      <line num="5" count="60" type="stmt"/>
      <line num="9" count="104" type="cond" truecount="2" falsecount="0"/>
      <line num="13" count="131" type="stmt"/>
      <line num="14" count="131" type="stmt"/>
      <line num="15" count="131" type="cond" truecount="2" falsecount="0"/>
      <line num="17" count="131" type="stmt"/>
      <line num="20" count="742" type="stmt"/>
      <line num="21" count="742" type="cond" truecount="2" falsecount="0"/>
      <line num="22" count="635" type="cond" truecount="2" falsecount="0"/>
      <line num="23" count="547" type="stmt"/>
      <line num="28" count="460" type="stmt"/>
      <line num="36" count="460" type="stmt"/>
      <line num="37" count="460" type="cond" truecount="2" falsecount="0"/>
      <line num="41" count="88" type="stmt"/>
      <line num="44" count="88" type="cond" truecount="2" falsecount="0"/>
      <line num="46" count="8" type="stmt"/>
      <line num="47" count="8" type="stmt"/>
      <line num="49" count="1" type="stmt"/>
      <line num="54" count="547" type="stmt"/>
      <line num="57" count="547" type="cond" truecount="2" falsecount="0"/>
      <line num="59" count="545" type="stmt"/>
      <line num="60" count="545" type="stmt"/>
      <line num="62" count="91" type="stmt"/>
    </file>
    <file name="Pieces.js" path="/home/ty/Projects/check4/src/Pieces.js">
      <metrics statements="69" coveredstatements="69" conditionals="98" coveredconditionals="98" methods="19" coveredmethods="19"/>
      <line num="6" count="399" type="cond" truecount="4" falsecount="0"/>
      <line num="7" count="399" type="cond" truecount="4" falsecount="0"/>
      <line num="8" count="399" type="cond" truecount="4" falsecount="0"/>
      <line num="9" count="3" type="stmt"/>
      <line num="11" count="396" type="stmt"/>
      <line num="12" count="396" type="stmt"/>
      <line num="13" count="396" type="stmt"/>
      <line num="14" count="396" type="stmt"/>
      <line num="15" count="396" type="stmt"/>
      <line num="19" count="1" type="stmt"/>
      <line num="28" count="107" type="cond" truecount="2" falsecount="0"/>
      <line num="29" count="107" type="cond" truecount="2" falsecount="0"/>
      <line num="31" count="107" type="cond" truecount="4" falsecount="0"/>
      <line num="32" count="3" type="stmt"/>
      <line num="34" count="104" type="stmt"/>
      <line num="35" count="104" type="stmt"/>
      <line num="45" count="340" type="cond" truecount="2" falsecount="0"/>
      <line num="46" count="340" type="cond" truecount="2" falsecount="0"/>
      <line num="48" count="340" type="cond" truecount="4" falsecount="0"/>
      <line num="49" count="2" type="stmt"/>
      <line num="51" count="338" type="stmt"/>
      <line num="59" count="6" type="stmt"/>
      <line num="67" count="1505" type="stmt"/>
      <line num="75" count="577" type="stmt"/>
      <line num="85" count="100" type="cond" truecount="2" falsecount="0"/>
      <line num="86" count="100" type="stmt"/>
      <line num="87" count="100" type="cond" truecount="2" falsecount="0"/>
      <line num="94" count="10" type="stmt"/>
      <line num="103" count="16" type="cond" truecount="2" falsecount="0"/>
      <line num="104" count="7" type="cond" truecount="2" falsecount="0"/>
      <line num="105" count="1" type="stmt"/>
      <line num="113" count="10" type="cond" truecount="2" falsecount="0"/>
      <line num="126" count="40" type="stmt"/>
      <line num="127" count="40" type="stmt"/>
      <line num="128" count="40" type="cond" truecount="4" falsecount="0"/>
      <line num="132" count="38" type="stmt"/>
      <line num="133" count="38" type="stmt"/>
      <line num="136" count="38" type="cond" truecount="4" falsecount="0"/>
      <line num="140" count="26" type="cond" truecount="2" falsecount="0"/>
      <line num="142" count="13" type="cond" truecount="2" falsecount="0"/>
      <line num="145" count="7" type="cond" truecount="4" falsecount="0"/>
      <line num="148" count="13" type="cond" truecount="2" falsecount="0"/>
      <line num="150" count="7" type="cond" truecount="4" falsecount="0"/>
      <line num="153" count="8" type="cond" truecount="2" falsecount="0"/>
      <line num="156" count="6" type="cond" truecount="2" falsecount="0"/>
      <line num="159" count="4" type="stmt"/>
      <line num="170" count="14" type="stmt"/>
      <line num="171" count="14" type="stmt"/>
      <line num="172" count="14" type="cond" truecount="2" falsecount="0"/>
      <line num="182" count="92" type="cond" truecount="2" falsecount="0"/>
      <line num="183" count="92" type="stmt"/>
      <line num="194" count="21" type="stmt"/>
      <line num="195" count="21" type="stmt"/>
      <line num="196" count="21" type="cond" truecount="4" falsecount="0"/>
      <line num="199" count="18" type="cond" truecount="2" falsecount="0"/>
      <line num="201" count="10" type="cond" truecount="2" falsecount="0"/>
      <line num="203" count="4" type="stmt"/>
      <line num="213" count="93" type="cond" truecount="2" falsecount="0"/>
      <line num="214" count="93" type="stmt"/>
      <line num="225" count="8" type="stmt"/>
      <line num="226" count="8" type="stmt"/>
      <line num="227" count="8" type="cond" truecount="4" falsecount="0"/>
      <line num="232" count="7" type="stmt"/>
      <line num="245" count="93" type="cond" truecount="2" falsecount="0"/>
      <line num="246" count="93" type="stmt"/>
      <line num="257" count="12" type="stmt"/>
      <line num="258" count="12" type="stmt"/>
      <line num="259" count="12" type="cond" truecount="4" falsecount="0"/>
      <line num="264" count="11" type="stmt"/>
    </file>
  </project>
</coverage>
