{"/home/ty/Projects/check4/src/Check4.js": {"path":"/home/ty/Projects/check4/src/Check4.js","statementMap":{"0":{"start":{"line":17,"column":2},"end":{"line":18,"column":65}},"1":{"start":{"line":18,"column":3},"end":{"line":18,"column":65}},"2":{"start":{"line":20,"column":2},"end":{"line":20,"column":44}},"3":{"start":{"line":22,"column":2},"end":{"line":81,"column":4}},"4":{"start":{"line":85,"column":11},"end":{"line":85,"column":24}},"5":{"start":{"line":86,"column":11},"end":{"line":86,"column":24}},"6":{"start":{"line":87,"column":2},"end":{"line":87,"column":39}},"7":{"start":{"line":88,"column":2},"end":{"line":88,"column":39}},"8":{"start":{"line":89,"column":2},"end":{"line":89,"column":41}},"9":{"start":{"line":90,"column":2},"end":{"line":90,"column":41}},"10":{"start":{"line":91,"column":2},"end":{"line":91,"column":39}},"11":{"start":{"line":92,"column":2},"end":{"line":92,"column":39}},"12":{"start":{"line":93,"column":2},"end":{"line":93,"column":41}},"13":{"start":{"line":94,"column":2},"end":{"line":94,"column":41}},"14":{"start":{"line":97,"column":2},"end":{"line":97,"column":42}},"15":{"start":{"line":98,"column":2},"end":{"line":98,"column":58}},"16":{"start":{"line":99,"column":2},"end":{"line":99,"column":55}},"17":{"start":{"line":100,"column":2},"end":{"line":100,"column":65}},"18":{"start":{"line":101,"column":2},"end":{"line":101,"column":63}},"19":{"start":{"line":102,"column":2},"end":{"line":102,"column":52}},"20":{"start":{"line":103,"column":2},"end":{"line":103,"column":59}},"21":{"start":{"line":104,"column":2},"end":{"line":104,"column":55}},"22":{"start":{"line":105,"column":2},"end":{"line":105,"column":55}},"23":{"start":{"line":106,"column":2},"end":{"line":106,"column":52}},"24":{"start":{"line":107,"column":2},"end":{"line":107,"column":56}},"25":{"start":{"line":115,"column":2},"end":{"line":115,"column":19}},"26":{"start":{"line":129,"column":2},"end":{"line":129,"column":35}},"27":{"start":{"line":137,"column":14},"end":{"line":141,"column":3}},"28":{"start":{"line":144,"column":2},"end":{"line":144,"column":93}},"29":{"start":{"line":144,"column":47},"end":{"line":144,"column":93}},"30":{"start":{"line":145,"column":2},"end":{"line":145,"column":93}},"31":{"start":{"line":145,"column":47},"end":{"line":145,"column":93}},"32":{"start":{"line":146,"column":2},"end":{"line":146,"column":110}},"33":{"start":{"line":146,"column":49},"end":{"line":146,"column":110}},"34":{"start":{"line":147,"column":2},"end":{"line":147,"column":97}},"35":{"start":{"line":147,"column":49},"end":{"line":147,"column":97}},"36":{"start":{"line":148,"column":2},"end":{"line":148,"column":93}},"37":{"start":{"line":148,"column":47},"end":{"line":148,"column":93}},"38":{"start":{"line":149,"column":2},"end":{"line":149,"column":93}},"39":{"start":{"line":149,"column":47},"end":{"line":149,"column":93}},"40":{"start":{"line":150,"column":2},"end":{"line":150,"column":97}},"41":{"start":{"line":150,"column":49},"end":{"line":150,"column":97}},"42":{"start":{"line":151,"column":2},"end":{"line":151,"column":97}},"43":{"start":{"line":151,"column":49},"end":{"line":151,"column":97}},"44":{"start":{"line":153,"column":2},"end":{"line":153,"column":15}},"45":{"start":{"line":156,"column":13},"end":{"line":156,"column":28}},"46":{"start":{"line":157,"column":3},"end":{"line":157,"column":41}},"47":{"start":{"line":157,"column":23},"end":{"line":157,"column":41}},"48":{"start":{"line":158,"column":3},"end":{"line":161,"column":5}},"49":{"start":{"line":172,"column":2},"end":{"line":172,"column":37}},"50":{"start":{"line":173,"column":2},"end":{"line":173,"column":28}},"51":{"start":{"line":186,"column":2},"end":{"line":186,"column":20}},"52":{"start":{"line":187,"column":2},"end":{"line":187,"column":20}},"53":{"start":{"line":188,"column":2},"end":{"line":190,"column":3}},"54":{"start":{"line":189,"column":3},"end":{"line":189,"column":60}},"55":{"start":{"line":193,"column":19},"end":{"line":193,"column":55}},"56":{"start":{"line":194,"column":18},"end":{"line":194,"column":22}},"57":{"start":{"line":195,"column":2},"end":{"line":214,"column":3}},"58":{"start":{"line":195,"column":16},"end":{"line":195,"column":17}},"59":{"start":{"line":196,"column":3},"end":{"line":196,"column":29}},"60":{"start":{"line":197,"column":3},"end":{"line":205,"column":4}},"61":{"start":{"line":201,"column":4},"end":{"line":204,"column":6}},"62":{"start":{"line":206,"column":3},"end":{"line":213,"column":6}},"63":{"start":{"line":210,"column":4},"end":{"line":213,"column":6}},"64":{"start":{"line":215,"column":2},"end":{"line":215,"column":15}},"65":{"start":{"line":226,"column":2},"end":{"line":227,"column":70}},"66":{"start":{"line":227,"column":3},"end":{"line":227,"column":70}},"67":{"start":{"line":228,"column":2},"end":{"line":228,"column":50}},"68":{"start":{"line":244,"column":2},"end":{"line":244,"column":67}},"69":{"start":{"line":244,"column":22},"end":{"line":244,"column":67}},"70":{"start":{"line":245,"column":2},"end":{"line":245,"column":65}},"71":{"start":{"line":245,"column":21},"end":{"line":245,"column":65}},"72":{"start":{"line":246,"column":2},"end":{"line":246,"column":43}},"73":{"start":{"line":247,"column":2},"end":{"line":247,"column":69}},"74":{"start":{"line":248,"column":2},"end":{"line":248,"column":53}},"75":{"start":{"line":249,"column":2},"end":{"line":249,"column":30}},"76":{"start":{"line":250,"column":2},"end":{"line":250,"column":30}},"77":{"start":{"line":251,"column":2},"end":{"line":252,"column":68}},"78":{"start":{"line":252,"column":3},"end":{"line":252,"column":68}},"79":{"start":{"line":253,"column":2},"end":{"line":253,"column":9}},"80":{"start":{"line":262,"column":2},"end":{"line":263,"column":73}},"81":{"start":{"line":262,"column":36},"end":{"line":262,"column":43}},"82":{"start":{"line":263,"column":7},"end":{"line":263,"column":73}},"83":{"start":{"line":272,"column":2},"end":{"line":273,"column":60}},"84":{"start":{"line":273,"column":3},"end":{"line":273,"column":60}},"85":{"start":{"line":274,"column":2},"end":{"line":274,"column":9}},"86":{"start":{"line":286,"column":2},"end":{"line":303,"column":3}},"87":{"start":{"line":287,"column":3},"end":{"line":300,"column":4}},"88":{"start":{"line":288,"column":4},"end":{"line":292,"column":6}},"89":{"start":{"line":297,"column":4},"end":{"line":297,"column":38}},"90":{"start":{"line":298,"column":4},"end":{"line":298,"column":63}},"91":{"start":{"line":298,"column":38},"end":{"line":298,"column":63}},"92":{"start":{"line":299,"column":4},"end":{"line":299,"column":26}},"93":{"start":{"line":302,"column":3},"end":{"line":302,"column":10}},"94":{"start":{"line":312,"column":2},"end":{"line":319,"column":5}},"95":{"start":{"line":313,"column":3},"end":{"line":313,"column":10}},"96":{"start":{"line":315,"column":3},"end":{"line":319,"column":5}},"97":{"start":{"line":331,"column":2},"end":{"line":379,"column":3}},"98":{"start":{"line":332,"column":17},"end":{"line":332,"column":53}},"99":{"start":{"line":333,"column":17},"end":{"line":333,"column":53}},"100":{"start":{"line":336,"column":11},"end":{"line":336,"column":35}},"101":{"start":{"line":337,"column":11},"end":{"line":337,"column":35}},"102":{"start":{"line":338,"column":3},"end":{"line":345,"column":4}},"103":{"start":{"line":339,"column":4},"end":{"line":342,"column":7}},"104":{"start":{"line":340,"column":5},"end":{"line":342,"column":7}},"105":{"start":{"line":343,"column":4},"end":{"line":343,"column":17}},"106":{"start":{"line":344,"column":4},"end":{"line":344,"column":17}},"107":{"start":{"line":346,"column":9},"end":{"line":379,"column":3}},"108":{"start":{"line":348,"column":3},"end":{"line":378,"column":4}},"109":{"start":{"line":354,"column":15},"end":{"line":354,"column":72}},"110":{"start":{"line":355,"column":16},"end":{"line":355,"column":65}},"111":{"start":{"line":357,"column":4},"end":{"line":362,"column":5}},"112":{"start":{"line":358,"column":5},"end":{"line":361,"column":8}},"113":{"start":{"line":359,"column":6},"end":{"line":361,"column":8}},"114":{"start":{"line":369,"column":15},"end":{"line":369,"column":72}},"115":{"start":{"line":370,"column":16},"end":{"line":370,"column":65}},"116":{"start":{"line":372,"column":4},"end":{"line":377,"column":5}},"117":{"start":{"line":373,"column":5},"end":{"line":376,"column":8}},"118":{"start":{"line":374,"column":6},"end":{"line":376,"column":8}},"119":{"start":{"line":381,"column":2},"end":{"line":381,"column":9}},"120":{"start":{"line":392,"column":18},"end":{"line":392,"column":50}},"121":{"start":{"line":394,"column":2},"end":{"line":400,"column":3}},"122":{"start":{"line":395,"column":3},"end":{"line":399,"column":4}},"123":{"start":{"line":396,"column":4},"end":{"line":396,"column":76}},"124":{"start":{"line":398,"column":4},"end":{"line":398,"column":28}},"125":{"start":{"line":402,"column":2},"end":{"line":402,"column":36}},"126":{"start":{"line":403,"column":2},"end":{"line":403,"column":9}},"127":{"start":{"line":411,"column":2},"end":{"line":414,"column":3}},"128":{"start":{"line":412,"column":3},"end":{"line":413,"column":70}},"129":{"start":{"line":412,"column":31},"end":{"line":412,"column":63}},"130":{"start":{"line":413,"column":8},"end":{"line":413,"column":70}},"131":{"start":{"line":413,"column":36},"end":{"line":413,"column":70}},"132":{"start":{"line":418,"column":2},"end":{"line":418,"column":21}},"133":{"start":{"line":418,"column":14},"end":{"line":418,"column":21}},"134":{"start":{"line":426,"column":2},"end":{"line":426,"column":50}},"135":{"start":{"line":427,"column":2},"end":{"line":427,"column":25}},"136":{"start":{"line":431,"column":2},"end":{"line":432,"column":33}},"137":{"start":{"line":431,"column":14},"end":{"line":431,"column":21}},"138":{"start":{"line":432,"column":7},"end":{"line":432,"column":33}},"139":{"start":{"line":441,"column":2},"end":{"line":448,"column":3}},"140":{"start":{"line":447,"column":3},"end":{"line":447,"column":10}},"141":{"start":{"line":451,"column":10},"end":{"line":451,"column":30}},"142":{"start":{"line":452,"column":10},"end":{"line":452,"column":30}},"143":{"start":{"line":455,"column":2},"end":{"line":460,"column":38}},"144":{"start":{"line":460,"column":3},"end":{"line":460,"column":38}},"145":{"start":{"line":463,"column":2},"end":{"line":468,"column":38}},"146":{"start":{"line":468,"column":3},"end":{"line":468,"column":38}},"147":{"start":{"line":472,"column":15},"end":{"line":477,"column":3}},"148":{"start":{"line":478,"column":2},"end":{"line":482,"column":3}},"149":{"start":{"line":478,"column":16},"end":{"line":478,"column":17}},"150":{"start":{"line":479,"column":3},"end":{"line":481,"column":4}},"151":{"start":{"line":480,"column":4},"end":{"line":480,"column":11}},"152":{"start":{"line":484,"column":2},"end":{"line":484,"column":37}}},"fnMap":{"0":{"name":"(anonymous_0)","decl":{"start":{"line":16,"column":1},"end":{"line":16,"column":2}},"loc":{"start":{"line":16,"column":26},"end":{"line":108,"column":2}},"line":16},"1":{"name":"(anonymous_1)","decl":{"start":{"line":20,"column":34},"end":{"line":20,"column":35}},"loc":{"start":{"line":20,"column":40},"end":{"line":20,"column":42}},"line":20},"2":{"name":"(anonymous_2)","decl":{"start":{"line":114,"column":1},"end":{"line":114,"column":2}},"loc":{"start":{"line":114,"column":13},"end":{"line":116,"column":2}},"line":114},"3":{"name":"(anonymous_3)","decl":{"start":{"line":128,"column":1},"end":{"line":128,"column":2}},"loc":{"start":{"line":128,"column":18},"end":{"line":130,"column":2}},"line":128},"4":{"name":"(anonymous_4)","decl":{"start":{"line":136,"column":1},"end":{"line":136,"column":2}},"loc":{"start":{"line":136,"column":12},"end":{"line":163,"column":2}},"line":136},"5":{"name":"addPieceToState","decl":{"start":{"line":155,"column":11},"end":{"line":155,"column":26}},"loc":{"start":{"line":155,"column":60},"end":{"line":162,"column":3}},"line":155},"6":{"name":"(anonymous_6)","decl":{"start":{"line":171,"column":1},"end":{"line":171,"column":2}},"loc":{"start":{"line":171,"column":24},"end":{"line":174,"column":2}},"line":171},"7":{"name":"(anonymous_7)","decl":{"start":{"line":185,"column":1},"end":{"line":185,"column":2}},"loc":{"start":{"line":185,"column":19},"end":{"line":216,"column":2}},"line":185},"8":{"name":"(anonymous_8)","decl":{"start":{"line":225,"column":1},"end":{"line":225,"column":2}},"loc":{"start":{"line":225,"column":20},"end":{"line":229,"column":2}},"line":225},"9":{"name":"(anonymous_9)","decl":{"start":{"line":243,"column":1},"end":{"line":243,"column":2}},"loc":{"start":{"line":243,"column":30},"end":{"line":254,"column":2}},"line":243},"10":{"name":"(anonymous_10)","decl":{"start":{"line":261,"column":1},"end":{"line":261,"column":2}},"loc":{"start":{"line":261,"column":27},"end":{"line":264,"column":2}},"line":261},"11":{"name":"(anonymous_11)","decl":{"start":{"line":271,"column":1},"end":{"line":271,"column":2}},"loc":{"start":{"line":271,"column":37},"end":{"line":275,"column":2}},"line":271},"12":{"name":"(anonymous_12)","decl":{"start":{"line":285,"column":1},"end":{"line":285,"column":2}},"loc":{"start":{"line":285,"column":35},"end":{"line":304,"column":2}},"line":285},"13":{"name":"(anonymous_13)","decl":{"start":{"line":311,"column":1},"end":{"line":311,"column":2}},"loc":{"start":{"line":311,"column":24},"end":{"line":320,"column":2}},"line":311},"14":{"name":"(anonymous_14)","decl":{"start":{"line":328,"column":1},"end":{"line":328,"column":2}},"loc":{"start":{"line":328,"column":31},"end":{"line":382,"column":2}},"line":328},"15":{"name":"(anonymous_15)","decl":{"start":{"line":391,"column":1},"end":{"line":391,"column":2}},"loc":{"start":{"line":391,"column":27},"end":{"line":404,"column":2}},"line":391},"16":{"name":"(anonymous_16)","decl":{"start":{"line":410,"column":1},"end":{"line":410,"column":2}},"loc":{"start":{"line":410,"column":27},"end":{"line":419,"column":2}},"line":410},"17":{"name":"(anonymous_17)","decl":{"start":{"line":425,"column":1},"end":{"line":425,"column":2}},"loc":{"start":{"line":425,"column":24},"end":{"line":433,"column":2}},"line":425},"18":{"name":"(anonymous_18)","decl":{"start":{"line":439,"column":1},"end":{"line":439,"column":2}},"loc":{"start":{"line":439,"column":22},"end":{"line":485,"column":2}},"line":439}},"branchMap":{"0":{"loc":{"start":{"line":16,"column":14},"end":{"line":16,"column":24}},"type":"default-arg","locations":[{"start":{"line":16,"column":22},"end":{"line":16,"column":24}}],"line":16},"1":{"loc":{"start":{"line":17,"column":2},"end":{"line":18,"column":65}},"type":"if","locations":[{"start":{"line":17,"column":2},"end":{"line":18,"column":65}},{"start":{"line":17,"column":2},"end":{"line":18,"column":65}}],"line":17},"2":{"loc":{"start":{"line":17,"column":7},"end":{"line":17,"column":29}},"type":"binary-expr","locations":[{"start":{"line":17,"column":7},"end":{"line":17,"column":16}},{"start":{"line":17,"column":20},"end":{"line":17,"column":29}}],"line":17},"3":{"loc":{"start":{"line":20,"column":16},"end":{"line":20,"column":43}},"type":"binary-expr","locations":[{"start":{"line":20,"column":16},"end":{"line":20,"column":28}},{"start":{"line":20,"column":34},"end":{"line":20,"column":42}}],"line":20},"4":{"loc":{"start":{"line":27,"column":10},"end":{"line":27,"column":29}},"type":"binary-expr","locations":[{"start":{"line":27,"column":10},"end":{"line":27,"column":23}},{"start":{"line":27,"column":27},"end":{"line":27,"column":29}}],"line":27},"5":{"loc":{"start":{"line":29,"column":4},"end":{"line":33,"column":6}},"type":"binary-expr","locations":[{"start":{"line":29,"column":4},"end":{"line":29,"column":17}},{"start":{"line":30,"column":4},"end":{"line":33,"column":6}}],"line":29},"6":{"loc":{"start":{"line":35,"column":4},"end":{"line":39,"column":6}},"type":"binary-expr","locations":[{"start":{"line":35,"column":4},"end":{"line":35,"column":17}},{"start":{"line":36,"column":4},"end":{"line":39,"column":6}}],"line":35},"7":{"loc":{"start":{"line":41,"column":4},"end":{"line":45,"column":6}},"type":"binary-expr","locations":[{"start":{"line":41,"column":4},"end":{"line":41,"column":19}},{"start":{"line":42,"column":4},"end":{"line":45,"column":6}}],"line":41},"8":{"loc":{"start":{"line":47,"column":4},"end":{"line":51,"column":6}},"type":"binary-expr","locations":[{"start":{"line":47,"column":4},"end":{"line":47,"column":19}},{"start":{"line":48,"column":4},"end":{"line":51,"column":6}}],"line":47},"9":{"loc":{"start":{"line":54,"column":10},"end":{"line":54,"column":29}},"type":"binary-expr","locations":[{"start":{"line":54,"column":10},"end":{"line":54,"column":23}},{"start":{"line":54,"column":27},"end":{"line":54,"column":29}}],"line":54},"10":{"loc":{"start":{"line":56,"column":4},"end":{"line":61,"column":6}},"type":"binary-expr","locations":[{"start":{"line":56,"column":4},"end":{"line":56,"column":17}},{"start":{"line":57,"column":4},"end":{"line":61,"column":6}}],"line":56},"11":{"loc":{"start":{"line":63,"column":4},"end":{"line":67,"column":6}},"type":"binary-expr","locations":[{"start":{"line":63,"column":4},"end":{"line":63,"column":17}},{"start":{"line":64,"column":4},"end":{"line":67,"column":6}}],"line":63},"12":{"loc":{"start":{"line":69,"column":4},"end":{"line":73,"column":6}},"type":"binary-expr","locations":[{"start":{"line":69,"column":4},"end":{"line":69,"column":19}},{"start":{"line":70,"column":4},"end":{"line":73,"column":6}}],"line":69},"13":{"loc":{"start":{"line":75,"column":4},"end":{"line":79,"column":6}},"type":"binary-expr","locations":[{"start":{"line":75,"column":4},"end":{"line":75,"column":19}},{"start":{"line":76,"column":4},"end":{"line":79,"column":6}}],"line":75},"14":{"loc":{"start":{"line":144,"column":2},"end":{"line":144,"column":93}},"type":"if","locations":[{"start":{"line":144,"column":2},"end":{"line":144,"column":93}},{"start":{"line":144,"column":2},"end":{"line":144,"column":93}}],"line":144},"15":{"loc":{"start":{"line":145,"column":2},"end":{"line":145,"column":93}},"type":"if","locations":[{"start":{"line":145,"column":2},"end":{"line":145,"column":93}},{"start":{"line":145,"column":2},"end":{"line":145,"column":93}}],"line":145},"16":{"loc":{"start":{"line":146,"column":2},"end":{"line":146,"column":110}},"type":"if","locations":[{"start":{"line":146,"column":2},"end":{"line":146,"column":110}},{"start":{"line":146,"column":2},"end":{"line":146,"column":110}}],"line":146},"17":{"loc":{"start":{"line":147,"column":2},"end":{"line":147,"column":97}},"type":"if","locations":[{"start":{"line":147,"column":2},"end":{"line":147,"column":97}},{"start":{"line":147,"column":2},"end":{"line":147,"column":97}}],"line":147},"18":{"loc":{"start":{"line":148,"column":2},"end":{"line":148,"column":93}},"type":"if","locations":[{"start":{"line":148,"column":2},"end":{"line":148,"column":93}},{"start":{"line":148,"column":2},"end":{"line":148,"column":93}}],"line":148},"19":{"loc":{"start":{"line":149,"column":2},"end":{"line":149,"column":93}},"type":"if","locations":[{"start":{"line":149,"column":2},"end":{"line":149,"column":93}},{"start":{"line":149,"column":2},"end":{"line":149,"column":93}}],"line":149},"20":{"loc":{"start":{"line":150,"column":2},"end":{"line":150,"column":97}},"type":"if","locations":[{"start":{"line":150,"column":2},"end":{"line":150,"column":97}},{"start":{"line":150,"column":2},"end":{"line":150,"column":97}}],"line":150},"21":{"loc":{"start":{"line":151,"column":2},"end":{"line":151,"column":97}},"type":"if","locations":[{"start":{"line":151,"column":2},"end":{"line":151,"column":97}},{"start":{"line":151,"column":2},"end":{"line":151,"column":97}}],"line":151},"22":{"loc":{"start":{"line":157,"column":3},"end":{"line":157,"column":41}},"type":"if","locations":[{"start":{"line":157,"column":3},"end":{"line":157,"column":41}},{"start":{"line":157,"column":3},"end":{"line":157,"column":41}}],"line":157},"23":{"loc":{"start":{"line":188,"column":2},"end":{"line":190,"column":3}},"type":"if","locations":[{"start":{"line":188,"column":2},"end":{"line":190,"column":3}},{"start":{"line":188,"column":2},"end":{"line":190,"column":3}}],"line":188},"24":{"loc":{"start":{"line":188,"column":7},"end":{"line":188,"column":45}},"type":"binary-expr","locations":[{"start":{"line":188,"column":7},"end":{"line":188,"column":24}},{"start":{"line":188,"column":28},"end":{"line":188,"column":45}}],"line":188},"25":{"loc":{"start":{"line":197,"column":3},"end":{"line":205,"column":4}},"type":"if","locations":[{"start":{"line":197,"column":3},"end":{"line":205,"column":4}},{"start":{"line":197,"column":3},"end":{"line":205,"column":4}}],"line":197},"26":{"loc":{"start":{"line":198,"column":4},"end":{"line":199,"column":42}},"type":"binary-expr","locations":[{"start":{"line":198,"column":4},"end":{"line":198,"column":38}},{"start":{"line":199,"column":8},"end":{"line":199,"column":42}}],"line":198},"27":{"loc":{"start":{"line":206,"column":3},"end":{"line":213,"column":6}},"type":"if","locations":[{"start":{"line":206,"column":3},"end":{"line":213,"column":6}},{"start":{"line":206,"column":3},"end":{"line":213,"column":6}}],"line":206},"28":{"loc":{"start":{"line":207,"column":4},"end":{"line":208,"column":42}},"type":"binary-expr","locations":[{"start":{"line":207,"column":4},"end":{"line":207,"column":38}},{"start":{"line":208,"column":8},"end":{"line":208,"column":42}}],"line":207},"29":{"loc":{"start":{"line":226,"column":2},"end":{"line":227,"column":70}},"type":"if","locations":[{"start":{"line":226,"column":2},"end":{"line":227,"column":70}},{"start":{"line":226,"column":2},"end":{"line":227,"column":70}}],"line":226},"30":{"loc":{"start":{"line":228,"column":9},"end":{"line":228,"column":49}},"type":"binary-expr","locations":[{"start":{"line":228,"column":9},"end":{"line":228,"column":27}},{"start":{"line":228,"column":31},"end":{"line":228,"column":49}}],"line":228},"31":{"loc":{"start":{"line":244,"column":2},"end":{"line":244,"column":67}},"type":"if","locations":[{"start":{"line":244,"column":2},"end":{"line":244,"column":67}},{"start":{"line":244,"column":2},"end":{"line":244,"column":67}}],"line":244},"32":{"loc":{"start":{"line":245,"column":2},"end":{"line":245,"column":65}},"type":"if","locations":[{"start":{"line":245,"column":2},"end":{"line":245,"column":65}},{"start":{"line":245,"column":2},"end":{"line":245,"column":65}}],"line":245},"33":{"loc":{"start":{"line":247,"column":16},"end":{"line":247,"column":68}},"type":"cond-expr","locations":[{"start":{"line":247,"column":39},"end":{"line":247,"column":52}},{"start":{"line":247,"column":55},"end":{"line":247,"column":68}}],"line":247},"34":{"loc":{"start":{"line":251,"column":2},"end":{"line":252,"column":68}},"type":"if","locations":[{"start":{"line":251,"column":2},"end":{"line":252,"column":68}},{"start":{"line":251,"column":2},"end":{"line":252,"column":68}}],"line":251},"35":{"loc":{"start":{"line":251,"column":7},"end":{"line":251,"column":55}},"type":"binary-expr","locations":[{"start":{"line":251,"column":7},"end":{"line":251,"column":29}},{"start":{"line":251,"column":33},"end":{"line":251,"column":55}}],"line":251},"36":{"loc":{"start":{"line":262,"column":2},"end":{"line":263,"column":73}},"type":"if","locations":[{"start":{"line":262,"column":2},"end":{"line":263,"column":73}},{"start":{"line":262,"column":2},"end":{"line":263,"column":73}}],"line":262},"37":{"loc":{"start":{"line":272,"column":2},"end":{"line":273,"column":60}},"type":"if","locations":[{"start":{"line":272,"column":2},"end":{"line":273,"column":60}},{"start":{"line":272,"column":2},"end":{"line":273,"column":60}}],"line":272},"38":{"loc":{"start":{"line":286,"column":2},"end":{"line":303,"column":3}},"type":"if","locations":[{"start":{"line":286,"column":2},"end":{"line":303,"column":3}},{"start":{"line":286,"column":2},"end":{"line":303,"column":3}}],"line":286},"39":{"loc":{"start":{"line":287,"column":3},"end":{"line":300,"column":4}},"type":"if","locations":[{"start":{"line":287,"column":3},"end":{"line":300,"column":4}},{"start":{"line":287,"column":3},"end":{"line":300,"column":4}}],"line":287},"40":{"loc":{"start":{"line":298,"column":4},"end":{"line":298,"column":63}},"type":"if","locations":[{"start":{"line":298,"column":4},"end":{"line":298,"column":63}},{"start":{"line":298,"column":4},"end":{"line":298,"column":63}}],"line":298},"41":{"loc":{"start":{"line":312,"column":2},"end":{"line":319,"column":5}},"type":"if","locations":[{"start":{"line":312,"column":2},"end":{"line":319,"column":5}},{"start":{"line":312,"column":2},"end":{"line":319,"column":5}}],"line":312},"42":{"loc":{"start":{"line":331,"column":2},"end":{"line":379,"column":3}},"type":"if","locations":[{"start":{"line":331,"column":2},"end":{"line":379,"column":3}},{"start":{"line":331,"column":2},"end":{"line":379,"column":3}}],"line":331},"43":{"loc":{"start":{"line":332,"column":17},"end":{"line":332,"column":53}},"type":"cond-expr","locations":[{"start":{"line":332,"column":47},"end":{"line":332,"column":49}},{"start":{"line":332,"column":52},"end":{"line":332,"column":53}}],"line":332},"44":{"loc":{"start":{"line":333,"column":17},"end":{"line":333,"column":53}},"type":"cond-expr","locations":[{"start":{"line":333,"column":47},"end":{"line":333,"column":49}},{"start":{"line":333,"column":52},"end":{"line":333,"column":53}}],"line":333},"45":{"loc":{"start":{"line":339,"column":4},"end":{"line":342,"column":7}},"type":"if","locations":[{"start":{"line":339,"column":4},"end":{"line":342,"column":7}},{"start":{"line":339,"column":4},"end":{"line":342,"column":7}}],"line":339},"46":{"loc":{"start":{"line":346,"column":9},"end":{"line":379,"column":3}},"type":"if","locations":[{"start":{"line":346,"column":9},"end":{"line":379,"column":3}},{"start":{"line":346,"column":9},"end":{"line":379,"column":3}}],"line":346},"47":{"loc":{"start":{"line":348,"column":3},"end":{"line":378,"column":4}},"type":"if","locations":[{"start":{"line":348,"column":3},"end":{"line":378,"column":4}},{"start":{"line":348,"column":3},"end":{"line":378,"column":4}}],"line":348},"48":{"loc":{"start":{"line":354,"column":17},"end":{"line":354,"column":66}},"type":"cond-expr","locations":[{"start":{"line":354,"column":43},"end":{"line":354,"column":57}},{"start":{"line":354,"column":60},"end":{"line":354,"column":66}}],"line":354},"49":{"loc":{"start":{"line":355,"column":16},"end":{"line":355,"column":65}},"type":"cond-expr","locations":[{"start":{"line":355,"column":42},"end":{"line":355,"column":48}},{"start":{"line":355,"column":51},"end":{"line":355,"column":65}}],"line":355},"50":{"loc":{"start":{"line":358,"column":5},"end":{"line":361,"column":8}},"type":"if","locations":[{"start":{"line":358,"column":5},"end":{"line":361,"column":8}},{"start":{"line":358,"column":5},"end":{"line":361,"column":8}}],"line":358},"51":{"loc":{"start":{"line":369,"column":17},"end":{"line":369,"column":66}},"type":"cond-expr","locations":[{"start":{"line":369,"column":43},"end":{"line":369,"column":57}},{"start":{"line":369,"column":60},"end":{"line":369,"column":66}}],"line":369},"52":{"loc":{"start":{"line":370,"column":16},"end":{"line":370,"column":65}},"type":"cond-expr","locations":[{"start":{"line":370,"column":42},"end":{"line":370,"column":48}},{"start":{"line":370,"column":51},"end":{"line":370,"column":65}}],"line":370},"53":{"loc":{"start":{"line":373,"column":5},"end":{"line":376,"column":8}},"type":"if","locations":[{"start":{"line":373,"column":5},"end":{"line":376,"column":8}},{"start":{"line":373,"column":5},"end":{"line":376,"column":8}}],"line":373},"54":{"loc":{"start":{"line":394,"column":2},"end":{"line":400,"column":3}},"type":"if","locations":[{"start":{"line":394,"column":2},"end":{"line":400,"column":3}},{"start":{"line":394,"column":2},"end":{"line":400,"column":3}}],"line":394},"55":{"loc":{"start":{"line":395,"column":3},"end":{"line":399,"column":4}},"type":"if","locations":[{"start":{"line":395,"column":3},"end":{"line":399,"column":4}},{"start":{"line":395,"column":3},"end":{"line":399,"column":4}}],"line":395},"56":{"loc":{"start":{"line":411,"column":2},"end":{"line":414,"column":3}},"type":"if","locations":[{"start":{"line":411,"column":2},"end":{"line":414,"column":3}},{"start":{"line":411,"column":2},"end":{"line":414,"column":3}}],"line":411},"57":{"loc":{"start":{"line":412,"column":3},"end":{"line":413,"column":70}},"type":"if","locations":[{"start":{"line":412,"column":3},"end":{"line":413,"column":70}},{"start":{"line":412,"column":3},"end":{"line":413,"column":70}}],"line":412},"58":{"loc":{"start":{"line":413,"column":8},"end":{"line":413,"column":70}},"type":"if","locations":[{"start":{"line":413,"column":8},"end":{"line":413,"column":70}},{"start":{"line":413,"column":8},"end":{"line":413,"column":70}}],"line":413},"59":{"loc":{"start":{"line":418,"column":2},"end":{"line":418,"column":21}},"type":"if","locations":[{"start":{"line":418,"column":2},"end":{"line":418,"column":21}},{"start":{"line":418,"column":2},"end":{"line":418,"column":21}}],"line":418},"60":{"loc":{"start":{"line":426,"column":20},"end":{"line":426,"column":49}},"type":"cond-expr","locations":[{"start":{"line":426,"column":44},"end":{"line":426,"column":45}},{"start":{"line":426,"column":48},"end":{"line":426,"column":49}}],"line":426},"61":{"loc":{"start":{"line":431,"column":2},"end":{"line":432,"column":33}},"type":"if","locations":[{"start":{"line":431,"column":2},"end":{"line":432,"column":33}},{"start":{"line":431,"column":2},"end":{"line":432,"column":33}}],"line":431},"62":{"loc":{"start":{"line":441,"column":2},"end":{"line":448,"column":3}},"type":"if","locations":[{"start":{"line":441,"column":2},"end":{"line":448,"column":3}},{"start":{"line":441,"column":2},"end":{"line":448,"column":3}}],"line":441},"63":{"loc":{"start":{"line":442,"column":3},"end":{"line":445,"column":42}},"type":"binary-expr","locations":[{"start":{"line":442,"column":3},"end":{"line":442,"column":37}},{"start":{"line":443,"column":6},"end":{"line":443,"column":40}},{"start":{"line":444,"column":6},"end":{"line":444,"column":42}},{"start":{"line":445,"column":6},"end":{"line":445,"column":42}}],"line":442},"64":{"loc":{"start":{"line":455,"column":2},"end":{"line":460,"column":38}},"type":"if","locations":[{"start":{"line":455,"column":2},"end":{"line":460,"column":38}},{"start":{"line":455,"column":2},"end":{"line":460,"column":38}}],"line":455},"65":{"loc":{"start":{"line":456,"column":3},"end":{"line":458,"column":32}},"type":"binary-expr","locations":[{"start":{"line":456,"column":3},"end":{"line":456,"column":31}},{"start":{"line":457,"column":6},"end":{"line":457,"column":34}},{"start":{"line":458,"column":6},"end":{"line":458,"column":32}}],"line":456},"66":{"loc":{"start":{"line":463,"column":2},"end":{"line":468,"column":38}},"type":"if","locations":[{"start":{"line":463,"column":2},"end":{"line":468,"column":38}},{"start":{"line":463,"column":2},"end":{"line":468,"column":38}}],"line":463},"67":{"loc":{"start":{"line":464,"column":3},"end":{"line":466,"column":32}},"type":"binary-expr","locations":[{"start":{"line":464,"column":3},"end":{"line":464,"column":31}},{"start":{"line":465,"column":6},"end":{"line":465,"column":34}},{"start":{"line":466,"column":6},"end":{"line":466,"column":32}}],"line":464},"68":{"loc":{"start":{"line":479,"column":3},"end":{"line":481,"column":4}},"type":"if","locations":[{"start":{"line":479,"column":3},"end":{"line":481,"column":4}},{"start":{"line":479,"column":3},"end":{"line":481,"column":4}}],"line":479}},"s":{"0":43,"1":1,"2":42,"3":42,"4":42,"5":42,"6":42,"7":42,"8":42,"9":42,"10":42,"11":42,"12":42,"13":42,"14":42,"15":42,"16":42,"17":42,"18":42,"19":42,"20":42,"21":42,"22":42,"23":42,"24":42,"25":3,"26":114,"27":9,"28":9,"29":8,"30":9,"31":4,"32":9,"33":6,"34":9,"35":2,"36":9,"37":3,"38":9,"39":7,"40":9,"41":1,"42":9,"43":5,"44":9,"45":36,"46":36,"47":15,"48":36,"49":3,"50":3,"51":132,"52":132,"53":132,"54":3,"55":129,"56":129,"57":129,"58":129,"59":447,"60":447,"61":9,"62":438,"63":16,"64":104,"65":393,"66":6,"67":387,"68":121,"69":1,"70":120,"71":1,"72":119,"73":119,"74":119,"75":119,"76":119,"77":119,"78":5,"79":114,"80":116,"81":115,"82":1,"83":114,"84":2,"85":112,"86":112,"87":92,"88":1,"89":91,"90":91,"91":39,"92":91,"93":20,"94":20,"95":16,"96":4,"97":16,"98":4,"99":4,"100":4,"101":4,"102":4,"103":5,"104":4,"105":1,"106":1,"107":12,"108":6,"109":4,"110":4,"111":4,"112":2,"113":2,"114":2,"115":2,"116":2,"117":2,"118":2,"119":8,"120":8,"121":8,"122":6,"123":1,"124":5,"125":7,"126":7,"127":46,"128":45,"129":8,"130":37,"131":5,"132":46,"133":7,"134":98,"135":98,"136":98,"137":7,"138":91,"139":98,"140":91,"141":7,"142":7,"143":7,"144":1,"145":6,"146":1,"147":5,"148":5,"149":5,"150":12,"151":4,"152":1},"f":{"0":43,"1":0,"2":3,"3":114,"4":9,"5":36,"6":3,"7":132,"8":393,"9":121,"10":116,"11":114,"12":112,"13":20,"14":16,"15":8,"16":46,"17":98,"18":98},"b":{"0":[1],"1":[1,42],"2":[43,42],"3":[42,42],"4":[42,2],"5":[42,40],"6":[42,40],"7":[42,40],"8":[42,40],"9":[42,2],"10":[42,40],"11":[42,40],"12":[42,40],"13":[42,40],"14":[8,1],"15":[4,5],"16":[6,3],"17":[2,7],"18":[3,6],"19":[7,2],"20":[1,8],"21":[5,4],"22":[15,21],"23":[3,129],"24":[132,130],"25":[9,438],"26":[447,43],"27":[16,422],"28":[438,31],"29":[6,387],"30":[387,219],"31":[1,120],"32":[1,119],"33":[72,47],"34":[5,114],"35":[119,115],"36":[115,1],"37":[2,112],"38":[92,20],"39":[1,91],"40":[39,52],"41":[16,4],"42":[4,12],"43":[2,2],"44":[2,2],"45":[4,1],"46":[6,6],"47":[4,2],"48":[2,2],"49":[2,2],"50":[2,0],"51":[1,1],"52":[1,1],"53":[2,0],"54":[6,2],"55":[1,5],"56":[45,1],"57":[8,37],"58":[5,32],"59":[7,39],"60":[55,43],"61":[7,91],"62":[91,7],"63":[98,70,26,8],"64":[1,6],"65":[7,2,1],"66":[1,5],"67":[6,1,1],"68":[4,8]},"_coverageSchema":"1a1c01bbd47fc00a2c39e90264f33305004495a9","hash":"fca37b966781005cb0ab0ae82eb60fac452ad136"}
,"/home/ty/Projects/check4/src/Check4Errors.js": {"path":"/home/ty/Projects/check4/src/Check4Errors.js","statementMap":{"0":{"start":{"line":10,"column":2},"end":{"line":10,"column":15}},"1":{"start":{"line":11,"column":2},"end":{"line":11,"column":36}},"2":{"start":{"line":21,"column":2},"end":{"line":21,"column":15}},"3":{"start":{"line":22,"column":2},"end":{"line":22,"column":36}},"4":{"start":{"line":23,"column":2},"end":{"line":23,"column":19}},"5":{"start":{"line":33,"column":2},"end":{"line":33,"column":15}},"6":{"start":{"line":34,"column":2},"end":{"line":34,"column":36}},"7":{"start":{"line":35,"column":2},"end":{"line":35,"column":19}},"8":{"start":{"line":45,"column":2},"end":{"line":45,"column":15}},"9":{"start":{"line":46,"column":2},"end":{"line":46,"column":36}},"10":{"start":{"line":47,"column":2},"end":{"line":47,"column":19}}},"fnMap":{"0":{"name":"(anonymous_0)","decl":{"start":{"line":9,"column":1},"end":{"line":9,"column":2}},"loc":{"start":{"line":9,"column":39},"end":{"line":12,"column":2}},"line":9},"1":{"name":"(anonymous_1)","decl":{"start":{"line":20,"column":1},"end":{"line":20,"column":2}},"loc":{"start":{"line":20,"column":50},"end":{"line":24,"column":2}},"line":20},"2":{"name":"(anonymous_2)","decl":{"start":{"line":32,"column":1},"end":{"line":32,"column":2}},"loc":{"start":{"line":32,"column":48},"end":{"line":36,"column":2}},"line":32},"3":{"name":"(anonymous_3)","decl":{"start":{"line":44,"column":1},"end":{"line":44,"column":2}},"loc":{"start":{"line":44,"column":47},"end":{"line":48,"column":2}},"line":44}},"branchMap":{"0":{"loc":{"start":{"line":9,"column":14},"end":{"line":9,"column":36}},"type":"default-arg","locations":[{"start":{"line":9,"column":20},"end":{"line":9,"column":36}}],"line":9},"1":{"loc":{"start":{"line":20,"column":14},"end":{"line":20,"column":34}},"type":"default-arg","locations":[{"start":{"line":20,"column":20},"end":{"line":20,"column":34}}],"line":20},"2":{"loc":{"start":{"line":20,"column":36},"end":{"line":20,"column":47}},"type":"default-arg","locations":[{"start":{"line":20,"column":43},"end":{"line":20,"column":47}}],"line":20},"3":{"loc":{"start":{"line":32,"column":14},"end":{"line":32,"column":32}},"type":"default-arg","locations":[{"start":{"line":32,"column":20},"end":{"line":32,"column":32}}],"line":32},"4":{"loc":{"start":{"line":32,"column":34},"end":{"line":32,"column":45}},"type":"default-arg","locations":[{"start":{"line":32,"column":41},"end":{"line":32,"column":45}}],"line":32},"5":{"loc":{"start":{"line":44,"column":14},"end":{"line":44,"column":31}},"type":"default-arg","locations":[{"start":{"line":44,"column":20},"end":{"line":44,"column":31}}],"line":44},"6":{"loc":{"start":{"line":44,"column":33},"end":{"line":44,"column":44}},"type":"default-arg","locations":[{"start":{"line":44,"column":40},"end":{"line":44,"column":44}}],"line":44}},"s":{"0":39,"1":39,"2":24,"3":24,"4":24,"5":7,"6":7,"7":7,"8":6,"9":6,"10":6},"f":{"0":39,"1":24,"2":7,"3":6},"b":{"0":[1],"1":[3],"2":[23],"3":[3],"4":[6],"5":[3],"6":[4]},"_coverageSchema":"1a1c01bbd47fc00a2c39e90264f33305004495a9","hash":"e67c5beecf41a15d187177f122eb2874282fcc86"}
,"/home/ty/Projects/check4/src/MiddlewareStack.js": {"path":"/home/ty/Projects/check4/src/MiddlewareStack.js","statementMap":{"0":{"start":{"line":5,"column":2},"end":{"line":5,"column":18}},"1":{"start":{"line":9,"column":2},"end":{"line":9,"column":23}},"2":{"start":{"line":9,"column":13},"end":{"line":9,"column":23}},"3":{"start":{"line":13,"column":12},"end":{"line":13,"column":13}},"4":{"start":{"line":14,"column":14},"end":{"line":14,"column":24}},"5":{"start":{"line":15,"column":2},"end":{"line":15,"column":35}},"6":{"start":{"line":15,"column":28},"end":{"line":15,"column":35}},"7":{"start":{"line":17,"column":2},"end":{"line":17,"column":9}},"8":{"start":{"line":20,"column":15},"end":{"line":20,"column":27}},"9":{"start":{"line":21,"column":3},"end":{"line":21,"column":42}},"10":{"start":{"line":21,"column":17},"end":{"line":21,"column":42}},"11":{"start":{"line":22,"column":3},"end":{"line":23,"column":39}},"12":{"start":{"line":22,"column":14},"end":{"line":22,"column":51}},"13":{"start":{"line":23,"column":8},"end":{"line":23,"column":39}},"14":{"start":{"line":28,"column":2},"end":{"line":28,"column":37}},"15":{"start":{"line":36,"column":2},"end":{"line":36,"column":19}},"16":{"start":{"line":37,"column":2},"end":{"line":37,"column":39}},"17":{"start":{"line":41,"column":11},"end":{"line":41,"column":22}},"18":{"start":{"line":44,"column":2},"end":{"line":44,"column":44}},"19":{"start":{"line":44,"column":25},"end":{"line":44,"column":44}},"20":{"start":{"line":46,"column":2},"end":{"line":50,"column":3}},"21":{"start":{"line":47,"column":3},"end":{"line":47,"column":25}},"22":{"start":{"line":49,"column":3},"end":{"line":49,"column":15}},"23":{"start":{"line":54,"column":11},"end":{"line":54,"column":22}},"24":{"start":{"line":57,"column":2},"end":{"line":57,"column":37}},"25":{"start":{"line":57,"column":23},"end":{"line":57,"column":37}},"26":{"start":{"line":59,"column":2},"end":{"line":63,"column":3}},"27":{"start":{"line":60,"column":3},"end":{"line":60,"column":20}},"28":{"start":{"line":62,"column":3},"end":{"line":62,"column":15}}},"fnMap":{"0":{"name":"(anonymous_0)","decl":{"start":{"line":4,"column":1},"end":{"line":4,"column":2}},"loc":{"start":{"line":4,"column":15},"end":{"line":6,"column":2}},"line":4},"1":{"name":"(anonymous_1)","decl":{"start":{"line":8,"column":1},"end":{"line":8,"column":2}},"loc":{"start":{"line":8,"column":21},"end":{"line":10,"column":2}},"line":8},"2":{"name":"(anonymous_2)","decl":{"start":{"line":12,"column":1},"end":{"line":12,"column":2}},"loc":{"start":{"line":12,"column":44},"end":{"line":25,"column":2}},"line":12},"3":{"name":"next","decl":{"start":{"line":19,"column":11},"end":{"line":19,"column":15}},"loc":{"start":{"line":19,"column":23},"end":{"line":24,"column":3}},"line":19},"4":{"name":"(anonymous_4)","decl":{"start":{"line":27,"column":1},"end":{"line":27,"column":2}},"loc":{"start":{"line":27,"column":11},"end":{"line":29,"column":2}},"line":27},"5":{"name":"(anonymous_5)","decl":{"start":{"line":33,"column":1},"end":{"line":33,"column":2}},"loc":{"start":{"line":33,"column":19},"end":{"line":38,"column":2}},"line":33},"6":{"name":"(anonymous_6)","decl":{"start":{"line":40,"column":1},"end":{"line":40,"column":2}},"loc":{"start":{"line":40,"column":32},"end":{"line":51,"column":2}},"line":40},"7":{"name":"(anonymous_7)","decl":{"start":{"line":53,"column":1},"end":{"line":53,"column":2}},"loc":{"start":{"line":53,"column":26},"end":{"line":64,"column":2}},"line":53}},"branchMap":{"0":{"loc":{"start":{"line":9,"column":2},"end":{"line":9,"column":23}},"type":"if","locations":[{"start":{"line":9,"column":2},"end":{"line":9,"column":23}},{"start":{"line":9,"column":2},"end":{"line":9,"column":23}}],"line":9},"1":{"loc":{"start":{"line":12,"column":17},"end":{"line":12,"column":41}},"type":"default-arg","locations":[{"start":{"line":12,"column":24},"end":{"line":12,"column":41}}],"line":12},"2":{"loc":{"start":{"line":15,"column":2},"end":{"line":15,"column":35}},"type":"if","locations":[{"start":{"line":15,"column":2},"end":{"line":15,"column":35}},{"start":{"line":15,"column":2},"end":{"line":15,"column":35}}],"line":15},"3":{"loc":{"start":{"line":21,"column":3},"end":{"line":21,"column":42}},"type":"if","locations":[{"start":{"line":21,"column":3},"end":{"line":21,"column":42}},{"start":{"line":21,"column":3},"end":{"line":21,"column":42}}],"line":21},"4":{"loc":{"start":{"line":22,"column":3},"end":{"line":23,"column":39}},"type":"if","locations":[{"start":{"line":22,"column":3},"end":{"line":23,"column":39}},{"start":{"line":22,"column":3},"end":{"line":23,"column":39}}],"line":22},"5":{"loc":{"start":{"line":37,"column":14},"end":{"line":37,"column":38}},"type":"binary-expr","locations":[{"start":{"line":37,"column":14},"end":{"line":37,"column":21}},{"start":{"line":37,"column":25},"end":{"line":37,"column":38}}],"line":37},"6":{"loc":{"start":{"line":44,"column":2},"end":{"line":44,"column":44}},"type":"if","locations":[{"start":{"line":44,"column":2},"end":{"line":44,"column":44}},{"start":{"line":44,"column":2},"end":{"line":44,"column":44}}],"line":44},"7":{"loc":{"start":{"line":57,"column":2},"end":{"line":57,"column":37}},"type":"if","locations":[{"start":{"line":57,"column":2},"end":{"line":57,"column":37}},{"start":{"line":57,"column":2},"end":{"line":57,"column":37}}],"line":57}},"s":{"0":60,"1":104,"2":102,"3":131,"4":131,"5":131,"6":1,"7":131,"8":742,"9":742,"10":107,"11":635,"12":88,"13":547,"14":460,"15":460,"16":460,"17":88,"18":88,"19":80,"20":8,"21":8,"22":1,"23":547,"24":547,"25":2,"26":545,"27":545,"28":91},"f":{"0":60,"1":104,"2":131,"3":742,"4":460,"5":460,"6":88,"7":547},"b":{"0":[102,2],"1":[127],"2":[1,130],"3":[107,635],"4":[88,547],"5":[460,38],"6":[80,8],"7":[2,545]},"_coverageSchema":"1a1c01bbd47fc00a2c39e90264f33305004495a9","hash":"cae5aca4d870b9ec60d4d0fdb0497adb6eb24836"}
,"/home/ty/Projects/check4/src/Pieces.js": {"path":"/home/ty/Projects/check4/src/Pieces.js","statementMap":{"0":{"start":{"line":6,"column":2},"end":{"line":6,"column":67}},"1":{"start":{"line":6,"column":37},"end":{"line":6,"column":67}},"2":{"start":{"line":7,"column":2},"end":{"line":7,"column":67}},"3":{"start":{"line":7,"column":37},"end":{"line":7,"column":67}},"4":{"start":{"line":8,"column":2},"end":{"line":9,"column":61}},"5":{"start":{"line":9,"column":3},"end":{"line":9,"column":61}},"6":{"start":{"line":11,"column":2},"end":{"line":11,"column":25}},"7":{"start":{"line":12,"column":2},"end":{"line":12,"column":25}},"8":{"start":{"line":13,"column":2},"end":{"line":13,"column":25}},"9":{"start":{"line":14,"column":2},"end":{"line":14,"column":35}},"10":{"start":{"line":15,"column":2},"end":{"line":15,"column":39}},"11":{"start":{"line":19,"column":2},"end":{"line":19,"column":15}},"12":{"start":{"line":28,"column":2},"end":{"line":28,"column":38}},"13":{"start":{"line":28,"column":20},"end":{"line":28,"column":38}},"14":{"start":{"line":29,"column":2},"end":{"line":29,"column":38}},"15":{"start":{"line":29,"column":20},"end":{"line":29,"column":38}},"16":{"start":{"line":31,"column":2},"end":{"line":32,"column":61}},"17":{"start":{"line":32,"column":3},"end":{"line":32,"column":61}},"18":{"start":{"line":34,"column":2},"end":{"line":34,"column":21}},"19":{"start":{"line":35,"column":2},"end":{"line":35,"column":21}},"20":{"start":{"line":45,"column":2},"end":{"line":45,"column":38}},"21":{"start":{"line":45,"column":20},"end":{"line":45,"column":38}},"22":{"start":{"line":46,"column":2},"end":{"line":46,"column":38}},"23":{"start":{"line":46,"column":20},"end":{"line":46,"column":38}},"24":{"start":{"line":48,"column":2},"end":{"line":49,"column":61}},"25":{"start":{"line":49,"column":3},"end":{"line":49,"column":61}},"26":{"start":{"line":51,"column":2},"end":{"line":51,"column":27}},"27":{"start":{"line":59,"column":2},"end":{"line":59,"column":32}},"28":{"start":{"line":67,"column":2},"end":{"line":67,"column":24}},"29":{"start":{"line":75,"column":2},"end":{"line":75,"column":24}},"30":{"start":{"line":85,"column":2},"end":{"line":85,"column":36}},"31":{"start":{"line":86,"column":2},"end":{"line":86,"column":17}},"32":{"start":{"line":87,"column":2},"end":{"line":87,"column":42}},"33":{"start":{"line":94,"column":2},"end":{"line":94,"column":33}},"34":{"start":{"line":103,"column":2},"end":{"line":105,"column":62}},"35":{"start":{"line":103,"column":22},"end":{"line":103,"column":44}},"36":{"start":{"line":104,"column":7},"end":{"line":105,"column":62}},"37":{"start":{"line":104,"column":29},"end":{"line":104,"column":50}},"38":{"start":{"line":105,"column":7},"end":{"line":105,"column":62}},"39":{"start":{"line":113,"column":2},"end":{"line":113,"column":39}},"40":{"start":{"line":126,"column":2},"end":{"line":126,"column":20}},"41":{"start":{"line":127,"column":2},"end":{"line":127,"column":20}},"42":{"start":{"line":128,"column":2},"end":{"line":128,"column":61}},"43":{"start":{"line":128,"column":48},"end":{"line":128,"column":61}},"44":{"start":{"line":132,"column":14},"end":{"line":132,"column":26}},"45":{"start":{"line":133,"column":14},"end":{"line":133,"column":26}},"46":{"start":{"line":136,"column":2},"end":{"line":136,"column":69}},"47":{"start":{"line":136,"column":56},"end":{"line":136,"column":69}},"48":{"start":{"line":140,"column":2},"end":{"line":151,"column":3}},"49":{"start":{"line":142,"column":3},"end":{"line":142,"column":36}},"50":{"start":{"line":142,"column":23},"end":{"line":142,"column":36}},"51":{"start":{"line":145,"column":3},"end":{"line":145,"column":63}},"52":{"start":{"line":145,"column":51},"end":{"line":145,"column":63}},"53":{"start":{"line":148,"column":3},"end":{"line":148,"column":35}},"54":{"start":{"line":148,"column":22},"end":{"line":148,"column":35}},"55":{"start":{"line":150,"column":3},"end":{"line":150,"column":63}},"56":{"start":{"line":150,"column":51},"end":{"line":150,"column":63}},"57":{"start":{"line":153,"column":2},"end":{"line":153,"column":36}},"58":{"start":{"line":153,"column":23},"end":{"line":153,"column":36}},"59":{"start":{"line":156,"column":2},"end":{"line":156,"column":31}},"60":{"start":{"line":156,"column":18},"end":{"line":156,"column":31}},"61":{"start":{"line":159,"column":2},"end":{"line":159,"column":14}},"62":{"start":{"line":170,"column":14},"end":{"line":170,"column":38}},"63":{"start":{"line":171,"column":14},"end":{"line":171,"column":38}},"64":{"start":{"line":172,"column":2},"end":{"line":172,"column":36}},"65":{"start":{"line":182,"column":2},"end":{"line":182,"column":36}},"66":{"start":{"line":183,"column":2},"end":{"line":183,"column":17}},"67":{"start":{"line":194,"column":2},"end":{"line":194,"column":20}},"68":{"start":{"line":195,"column":2},"end":{"line":195,"column":20}},"69":{"start":{"line":196,"column":2},"end":{"line":196,"column":61}},"70":{"start":{"line":196,"column":48},"end":{"line":196,"column":61}},"71":{"start":{"line":199,"column":2},"end":{"line":203,"column":20}},"72":{"start":{"line":199,"column":24},"end":{"line":199,"column":36}},"73":{"start":{"line":201,"column":7},"end":{"line":203,"column":20}},"74":{"start":{"line":201,"column":29},"end":{"line":201,"column":41}},"75":{"start":{"line":203,"column":7},"end":{"line":203,"column":20}},"76":{"start":{"line":213,"column":2},"end":{"line":213,"column":38}},"77":{"start":{"line":214,"column":2},"end":{"line":214,"column":17}},"78":{"start":{"line":225,"column":2},"end":{"line":225,"column":20}},"79":{"start":{"line":226,"column":2},"end":{"line":226,"column":20}},"80":{"start":{"line":227,"column":2},"end":{"line":227,"column":61}},"81":{"start":{"line":227,"column":48},"end":{"line":227,"column":61}},"82":{"start":{"line":232,"column":2},"end":{"line":235,"column":4}},"83":{"start":{"line":245,"column":2},"end":{"line":245,"column":38}},"84":{"start":{"line":246,"column":2},"end":{"line":246,"column":17}},"85":{"start":{"line":257,"column":2},"end":{"line":257,"column":20}},"86":{"start":{"line":258,"column":2},"end":{"line":258,"column":20}},"87":{"start":{"line":259,"column":2},"end":{"line":259,"column":61}},"88":{"start":{"line":259,"column":48},"end":{"line":259,"column":61}},"89":{"start":{"line":264,"column":2},"end":{"line":264,"column":63}}},"fnMap":{"0":{"name":"(anonymous_0)","decl":{"start":{"line":5,"column":1},"end":{"line":5,"column":2}},"loc":{"start":{"line":5,"column":26},"end":{"line":16,"column":2}},"line":5},"1":{"name":"(anonymous_1)","decl":{"start":{"line":18,"column":1},"end":{"line":18,"column":2}},"loc":{"start":{"line":18,"column":11},"end":{"line":20,"column":2}},"line":18},"2":{"name":"(anonymous_2)","decl":{"start":{"line":27,"column":1},"end":{"line":27,"column":2}},"loc":{"start":{"line":27,"column":14},"end":{"line":36,"column":2}},"line":27},"3":{"name":"(anonymous_3)","decl":{"start":{"line":44,"column":1},"end":{"line":44,"column":2}},"loc":{"start":{"line":44,"column":24},"end":{"line":52,"column":2}},"line":44},"4":{"name":"(anonymous_4)","decl":{"start":{"line":58,"column":1},"end":{"line":58,"column":2}},"loc":{"start":{"line":58,"column":9},"end":{"line":60,"column":2}},"line":58},"5":{"name":"(anonymous_5)","decl":{"start":{"line":66,"column":1},"end":{"line":66,"column":2}},"loc":{"start":{"line":66,"column":5},"end":{"line":68,"column":2}},"line":66},"6":{"name":"(anonymous_6)","decl":{"start":{"line":74,"column":1},"end":{"line":74,"column":2}},"loc":{"start":{"line":74,"column":5},"end":{"line":76,"column":2}},"line":74},"7":{"name":"(anonymous_7)","decl":{"start":{"line":84,"column":1},"end":{"line":84,"column":2}},"loc":{"start":{"line":84,"column":26},"end":{"line":88,"column":2}},"line":84},"8":{"name":"(anonymous_8)","decl":{"start":{"line":93,"column":1},"end":{"line":93,"column":2}},"loc":{"start":{"line":93,"column":20},"end":{"line":95,"column":2}},"line":93},"9":{"name":"(anonymous_9)","decl":{"start":{"line":102,"column":1},"end":{"line":102,"column":2}},"loc":{"start":{"line":102,"column":21},"end":{"line":106,"column":2}},"line":102},"10":{"name":"(anonymous_10)","decl":{"start":{"line":112,"column":1},"end":{"line":112,"column":2}},"loc":{"start":{"line":112,"column":16},"end":{"line":114,"column":2}},"line":112},"11":{"name":"(anonymous_11)","decl":{"start":{"line":125,"column":1},"end":{"line":125,"column":2}},"loc":{"start":{"line":125,"column":35},"end":{"line":160,"column":2}},"line":125},"12":{"name":"(anonymous_12)","decl":{"start":{"line":169,"column":1},"end":{"line":169,"column":2}},"loc":{"start":{"line":169,"column":25},"end":{"line":173,"column":2}},"line":169},"13":{"name":"(anonymous_13)","decl":{"start":{"line":181,"column":1},"end":{"line":181,"column":2}},"loc":{"start":{"line":181,"column":26},"end":{"line":184,"column":2}},"line":181},"14":{"name":"(anonymous_14)","decl":{"start":{"line":193,"column":1},"end":{"line":193,"column":2}},"loc":{"start":{"line":193,"column":17},"end":{"line":204,"column":2}},"line":193},"15":{"name":"(anonymous_15)","decl":{"start":{"line":212,"column":1},"end":{"line":212,"column":2}},"loc":{"start":{"line":212,"column":26},"end":{"line":215,"column":2}},"line":212},"16":{"name":"(anonymous_16)","decl":{"start":{"line":224,"column":1},"end":{"line":224,"column":2}},"loc":{"start":{"line":224,"column":17},"end":{"line":236,"column":2}},"line":224},"17":{"name":"(anonymous_17)","decl":{"start":{"line":244,"column":1},"end":{"line":244,"column":2}},"loc":{"start":{"line":244,"column":26},"end":{"line":247,"column":2}},"line":244},"18":{"name":"(anonymous_18)","decl":{"start":{"line":256,"column":1},"end":{"line":256,"column":2}},"loc":{"start":{"line":256,"column":17},"end":{"line":265,"column":2}},"line":256}},"branchMap":{"0":{"loc":{"start":{"line":5,"column":14},"end":{"line":5,"column":24}},"type":"default-arg","locations":[{"start":{"line":5,"column":22},"end":{"line":5,"column":24}}],"line":5},"1":{"loc":{"start":{"line":6,"column":2},"end":{"line":6,"column":67}},"type":"if","locations":[{"start":{"line":6,"column":2},"end":{"line":6,"column":67}},{"start":{"line":6,"column":2},"end":{"line":6,"column":67}}],"line":6},"2":{"loc":{"start":{"line":6,"column":7},"end":{"line":6,"column":34}},"type":"binary-expr","locations":[{"start":{"line":6,"column":7},"end":{"line":6,"column":14}},{"start":{"line":6,"column":18},"end":{"line":6,"column":34}}],"line":6},"3":{"loc":{"start":{"line":7,"column":2},"end":{"line":7,"column":67}},"type":"if","locations":[{"start":{"line":7,"column":2},"end":{"line":7,"column":67}},{"start":{"line":7,"column":2},"end":{"line":7,"column":67}}],"line":7},"4":{"loc":{"start":{"line":7,"column":7},"end":{"line":7,"column":34}},"type":"binary-expr","locations":[{"start":{"line":7,"column":7},"end":{"line":7,"column":14}},{"start":{"line":7,"column":18},"end":{"line":7,"column":34}}],"line":7},"5":{"loc":{"start":{"line":8,"column":2},"end":{"line":9,"column":61}},"type":"if","locations":[{"start":{"line":8,"column":2},"end":{"line":9,"column":61}},{"start":{"line":8,"column":2},"end":{"line":9,"column":61}}],"line":8},"6":{"loc":{"start":{"line":8,"column":7},"end":{"line":8,"column":57}},"type":"binary-expr","locations":[{"start":{"line":8,"column":7},"end":{"line":8,"column":30}},{"start":{"line":8,"column":34},"end":{"line":8,"column":57}}],"line":8},"7":{"loc":{"start":{"line":28,"column":2},"end":{"line":28,"column":38}},"type":"if","locations":[{"start":{"line":28,"column":2},"end":{"line":28,"column":38}},{"start":{"line":28,"column":2},"end":{"line":28,"column":38}}],"line":28},"8":{"loc":{"start":{"line":29,"column":2},"end":{"line":29,"column":38}},"type":"if","locations":[{"start":{"line":29,"column":2},"end":{"line":29,"column":38}},{"start":{"line":29,"column":2},"end":{"line":29,"column":38}}],"line":29},"9":{"loc":{"start":{"line":31,"column":2},"end":{"line":32,"column":61}},"type":"if","locations":[{"start":{"line":31,"column":2},"end":{"line":32,"column":61}},{"start":{"line":31,"column":2},"end":{"line":32,"column":61}}],"line":31},"10":{"loc":{"start":{"line":31,"column":7},"end":{"line":31,"column":45}},"type":"binary-expr","locations":[{"start":{"line":31,"column":7},"end":{"line":31,"column":24}},{"start":{"line":31,"column":28},"end":{"line":31,"column":45}}],"line":31},"11":{"loc":{"start":{"line":45,"column":2},"end":{"line":45,"column":38}},"type":"if","locations":[{"start":{"line":45,"column":2},"end":{"line":45,"column":38}},{"start":{"line":45,"column":2},"end":{"line":45,"column":38}}],"line":45},"12":{"loc":{"start":{"line":46,"column":2},"end":{"line":46,"column":38}},"type":"if","locations":[{"start":{"line":46,"column":2},"end":{"line":46,"column":38}},{"start":{"line":46,"column":2},"end":{"line":46,"column":38}}],"line":46},"13":{"loc":{"start":{"line":48,"column":2},"end":{"line":49,"column":61}},"type":"if","locations":[{"start":{"line":48,"column":2},"end":{"line":49,"column":61}},{"start":{"line":48,"column":2},"end":{"line":49,"column":61}}],"line":48},"14":{"loc":{"start":{"line":48,"column":7},"end":{"line":48,"column":45}},"type":"binary-expr","locations":[{"start":{"line":48,"column":7},"end":{"line":48,"column":24}},{"start":{"line":48,"column":28},"end":{"line":48,"column":45}}],"line":48},"15":{"loc":{"start":{"line":84,"column":14},"end":{"line":84,"column":24}},"type":"default-arg","locations":[{"start":{"line":84,"column":22},"end":{"line":84,"column":24}}],"line":84},"16":{"loc":{"start":{"line":85,"column":15},"end":{"line":85,"column":35}},"type":"binary-expr","locations":[{"start":{"line":85,"column":15},"end":{"line":85,"column":25}},{"start":{"line":85,"column":29},"end":{"line":85,"column":35}}],"line":85},"17":{"loc":{"start":{"line":87,"column":18},"end":{"line":87,"column":41}},"type":"binary-expr","locations":[{"start":{"line":87,"column":18},"end":{"line":87,"column":32}},{"start":{"line":87,"column":36},"end":{"line":87,"column":41}}],"line":87},"18":{"loc":{"start":{"line":103,"column":2},"end":{"line":105,"column":62}},"type":"if","locations":[{"start":{"line":103,"column":2},"end":{"line":105,"column":62}},{"start":{"line":103,"column":2},"end":{"line":105,"column":62}}],"line":103},"19":{"loc":{"start":{"line":104,"column":7},"end":{"line":105,"column":62}},"type":"if","locations":[{"start":{"line":104,"column":7},"end":{"line":105,"column":62}},{"start":{"line":104,"column":7},"end":{"line":105,"column":62}}],"line":104},"20":{"loc":{"start":{"line":113,"column":9},"end":{"line":113,"column":38}},"type":"cond-expr","locations":[{"start":{"line":113,"column":25},"end":{"line":113,"column":31}},{"start":{"line":113,"column":34},"end":{"line":113,"column":38}}],"line":113},"21":{"loc":{"start":{"line":125,"column":16},"end":{"line":125,"column":32}},"type":"default-arg","locations":[{"start":{"line":125,"column":27},"end":{"line":125,"column":32}}],"line":125},"22":{"loc":{"start":{"line":128,"column":2},"end":{"line":128,"column":61}},"type":"if","locations":[{"start":{"line":128,"column":2},"end":{"line":128,"column":61}},{"start":{"line":128,"column":2},"end":{"line":128,"column":61}}],"line":128},"23":{"loc":{"start":{"line":128,"column":7},"end":{"line":128,"column":45}},"type":"binary-expr","locations":[{"start":{"line":128,"column":7},"end":{"line":128,"column":24}},{"start":{"line":128,"column":28},"end":{"line":128,"column":45}}],"line":128},"24":{"loc":{"start":{"line":136,"column":2},"end":{"line":136,"column":69}},"type":"if","locations":[{"start":{"line":136,"column":2},"end":{"line":136,"column":69}},{"start":{"line":136,"column":2},"end":{"line":136,"column":69}}],"line":136},"25":{"loc":{"start":{"line":136,"column":7},"end":{"line":136,"column":53}},"type":"binary-expr","locations":[{"start":{"line":136,"column":7},"end":{"line":136,"column":28}},{"start":{"line":136,"column":32},"end":{"line":136,"column":53}}],"line":136},"26":{"loc":{"start":{"line":140,"column":2},"end":{"line":151,"column":3}},"type":"if","locations":[{"start":{"line":140,"column":2},"end":{"line":151,"column":3}},{"start":{"line":140,"column":2},"end":{"line":151,"column":3}}],"line":140},"27":{"loc":{"start":{"line":142,"column":3},"end":{"line":142,"column":36}},"type":"if","locations":[{"start":{"line":142,"column":3},"end":{"line":142,"column":36}},{"start":{"line":142,"column":3},"end":{"line":142,"column":36}}],"line":142},"28":{"loc":{"start":{"line":145,"column":3},"end":{"line":145,"column":63}},"type":"if","locations":[{"start":{"line":145,"column":3},"end":{"line":145,"column":63}},{"start":{"line":145,"column":3},"end":{"line":145,"column":63}}],"line":145},"29":{"loc":{"start":{"line":145,"column":8},"end":{"line":145,"column":48}},"type":"binary-expr","locations":[{"start":{"line":145,"column":8},"end":{"line":145,"column":36}},{"start":{"line":145,"column":40},"end":{"line":145,"column":48}}],"line":145},"30":{"loc":{"start":{"line":148,"column":3},"end":{"line":148,"column":35}},"type":"if","locations":[{"start":{"line":148,"column":3},"end":{"line":148,"column":35}},{"start":{"line":148,"column":3},"end":{"line":148,"column":35}}],"line":148},"31":{"loc":{"start":{"line":150,"column":3},"end":{"line":150,"column":63}},"type":"if","locations":[{"start":{"line":150,"column":3},"end":{"line":150,"column":63}},{"start":{"line":150,"column":3},"end":{"line":150,"column":63}}],"line":150},"32":{"loc":{"start":{"line":150,"column":8},"end":{"line":150,"column":48}},"type":"binary-expr","locations":[{"start":{"line":150,"column":8},"end":{"line":150,"column":36}},{"start":{"line":150,"column":40},"end":{"line":150,"column":48}}],"line":150},"33":{"loc":{"start":{"line":153,"column":2},"end":{"line":153,"column":36}},"type":"if","locations":[{"start":{"line":153,"column":2},"end":{"line":153,"column":36}},{"start":{"line":153,"column":2},"end":{"line":153,"column":36}}],"line":153},"34":{"loc":{"start":{"line":156,"column":2},"end":{"line":156,"column":31}},"type":"if","locations":[{"start":{"line":156,"column":2},"end":{"line":156,"column":31}},{"start":{"line":156,"column":2},"end":{"line":156,"column":31}}],"line":156},"35":{"loc":{"start":{"line":172,"column":9},"end":{"line":172,"column":35}},"type":"binary-expr","locations":[{"start":{"line":172,"column":9},"end":{"line":172,"column":20}},{"start":{"line":172,"column":24},"end":{"line":172,"column":35}}],"line":172},"36":{"loc":{"start":{"line":181,"column":14},"end":{"line":181,"column":24}},"type":"default-arg","locations":[{"start":{"line":181,"column":22},"end":{"line":181,"column":24}}],"line":181},"37":{"loc":{"start":{"line":182,"column":15},"end":{"line":182,"column":35}},"type":"binary-expr","locations":[{"start":{"line":182,"column":15},"end":{"line":182,"column":25}},{"start":{"line":182,"column":29},"end":{"line":182,"column":35}}],"line":182},"38":{"loc":{"start":{"line":196,"column":2},"end":{"line":196,"column":61}},"type":"if","locations":[{"start":{"line":196,"column":2},"end":{"line":196,"column":61}},{"start":{"line":196,"column":2},"end":{"line":196,"column":61}}],"line":196},"39":{"loc":{"start":{"line":196,"column":7},"end":{"line":196,"column":45}},"type":"binary-expr","locations":[{"start":{"line":196,"column":7},"end":{"line":196,"column":24}},{"start":{"line":196,"column":28},"end":{"line":196,"column":45}}],"line":196},"40":{"loc":{"start":{"line":199,"column":2},"end":{"line":203,"column":20}},"type":"if","locations":[{"start":{"line":199,"column":2},"end":{"line":203,"column":20}},{"start":{"line":199,"column":2},"end":{"line":203,"column":20}}],"line":199},"41":{"loc":{"start":{"line":201,"column":7},"end":{"line":203,"column":20}},"type":"if","locations":[{"start":{"line":201,"column":7},"end":{"line":203,"column":20}},{"start":{"line":201,"column":7},"end":{"line":203,"column":20}}],"line":201},"42":{"loc":{"start":{"line":212,"column":14},"end":{"line":212,"column":24}},"type":"default-arg","locations":[{"start":{"line":212,"column":22},"end":{"line":212,"column":24}}],"line":212},"43":{"loc":{"start":{"line":213,"column":15},"end":{"line":213,"column":37}},"type":"binary-expr","locations":[{"start":{"line":213,"column":15},"end":{"line":213,"column":25}},{"start":{"line":213,"column":29},"end":{"line":213,"column":37}}],"line":213},"44":{"loc":{"start":{"line":227,"column":2},"end":{"line":227,"column":61}},"type":"if","locations":[{"start":{"line":227,"column":2},"end":{"line":227,"column":61}},{"start":{"line":227,"column":2},"end":{"line":227,"column":61}}],"line":227},"45":{"loc":{"start":{"line":227,"column":7},"end":{"line":227,"column":45}},"type":"binary-expr","locations":[{"start":{"line":227,"column":7},"end":{"line":227,"column":24}},{"start":{"line":227,"column":28},"end":{"line":227,"column":45}}],"line":227},"46":{"loc":{"start":{"line":233,"column":3},"end":{"line":234,"column":69}},"type":"binary-expr","locations":[{"start":{"line":233,"column":5},"end":{"line":233,"column":34}},{"start":{"line":233,"column":38},"end":{"line":233,"column":67}},{"start":{"line":234,"column":5},"end":{"line":234,"column":34}},{"start":{"line":234,"column":38},"end":{"line":234,"column":67}}],"line":233},"47":{"loc":{"start":{"line":244,"column":14},"end":{"line":244,"column":24}},"type":"default-arg","locations":[{"start":{"line":244,"column":22},"end":{"line":244,"column":24}}],"line":244},"48":{"loc":{"start":{"line":245,"column":15},"end":{"line":245,"column":37}},"type":"binary-expr","locations":[{"start":{"line":245,"column":15},"end":{"line":245,"column":25}},{"start":{"line":245,"column":29},"end":{"line":245,"column":37}}],"line":245},"49":{"loc":{"start":{"line":259,"column":2},"end":{"line":259,"column":61}},"type":"if","locations":[{"start":{"line":259,"column":2},"end":{"line":259,"column":61}},{"start":{"line":259,"column":2},"end":{"line":259,"column":61}}],"line":259},"50":{"loc":{"start":{"line":259,"column":7},"end":{"line":259,"column":45}},"type":"binary-expr","locations":[{"start":{"line":259,"column":7},"end":{"line":259,"column":24}},{"start":{"line":259,"column":28},"end":{"line":259,"column":45}}],"line":259}},"s":{"0":399,"1":39,"2":399,"3":45,"4":399,"5":3,"6":396,"7":396,"8":396,"9":396,"10":396,"11":1,"12":107,"13":105,"14":107,"15":105,"16":107,"17":3,"18":104,"19":104,"20":340,"21":4,"22":340,"23":4,"24":340,"25":2,"26":338,"27":6,"28":1505,"29":577,"30":100,"31":100,"32":100,"33":10,"34":16,"35":9,"36":7,"37":6,"38":1,"39":10,"40":40,"41":40,"42":40,"43":2,"44":38,"45":38,"46":38,"47":12,"48":26,"49":13,"50":6,"51":7,"52":3,"53":13,"54":6,"55":7,"56":3,"57":8,"58":2,"59":6,"60":2,"61":4,"62":14,"63":14,"64":14,"65":92,"66":92,"67":21,"68":21,"69":21,"70":3,"71":18,"72":8,"73":10,"74":6,"75":4,"76":93,"77":93,"78":8,"79":8,"80":8,"81":1,"82":7,"83":93,"84":93,"85":12,"86":12,"87":12,"88":1,"89":11},"f":{"0":399,"1":1,"2":107,"3":340,"4":6,"5":1505,"6":577,"7":100,"8":10,"9":16,"10":10,"11":40,"12":14,"13":92,"14":21,"15":93,"16":8,"17":93,"18":12},"b":{"0":[6],"1":[39,360],"2":[399,39],"3":[45,354],"4":[399,45],"5":[3,396],"6":[399,397],"7":[105,2],"8":[105,2],"9":[3,104],"10":[107,105],"11":[4,336],"12":[4,336],"13":[2,338],"14":[340,339],"15":[7],"16":[100,100],"17":[100,59],"18":[9,7],"19":[6,1],"20":[5,5],"21":[2],"22":[2,38],"23":[40,38],"24":[12,26],"25":[38,34],"26":[13,13],"27":[6,7],"28":[3,4],"29":[7,4],"30":[6,7],"31":[3,4],"32":[7,4],"33":[2,6],"34":[2,4],"35":[14,8],"36":[2],"37":[92,92],"38":[3,18],"39":[21,19],"40":[8,10],"41":[6,4],"42":[1],"43":[93,93],"44":[1,7],"45":[8,7],"46":[7,3,4,3],"47":[1],"48":[93,93],"49":[1,11],"50":[12,11]},"_coverageSchema":"1a1c01bbd47fc00a2c39e90264f33305004495a9","hash":"e99b34b4583bd9ee7d7c51612e6b0989deea8a3e"}
}
