{"/home/ty/Projects/check4/src/Check4.js": {"path":"/home/ty/Projects/check4/src/Check4.js","statementMap":{"0":{"start":{"line":15,"column":2},"end":{"line":16,"column":65}},"1":{"start":{"line":16,"column":3},"end":{"line":16,"column":65}},"2":{"start":{"line":18,"column":2},"end":{"line":18,"column":44}},"3":{"start":{"line":21,"column":2},"end":{"line":80,"column":4}},"4":{"start":{"line":84,"column":11},"end":{"line":84,"column":24}},"5":{"start":{"line":85,"column":11},"end":{"line":85,"column":24}},"6":{"start":{"line":86,"column":2},"end":{"line":86,"column":39}},"7":{"start":{"line":87,"column":2},"end":{"line":87,"column":39}},"8":{"start":{"line":88,"column":2},"end":{"line":88,"column":41}},"9":{"start":{"line":89,"column":2},"end":{"line":89,"column":41}},"10":{"start":{"line":90,"column":2},"end":{"line":90,"column":39}},"11":{"start":{"line":91,"column":2},"end":{"line":91,"column":39}},"12":{"start":{"line":92,"column":2},"end":{"line":92,"column":41}},"13":{"start":{"line":93,"column":2},"end":{"line":93,"column":41}},"14":{"start":{"line":96,"column":2},"end":{"line":96,"column":42}},"15":{"start":{"line":97,"column":2},"end":{"line":97,"column":58}},"16":{"start":{"line":98,"column":2},"end":{"line":98,"column":55}},"17":{"start":{"line":99,"column":2},"end":{"line":99,"column":65}},"18":{"start":{"line":100,"column":2},"end":{"line":100,"column":63}},"19":{"start":{"line":101,"column":2},"end":{"line":101,"column":52}},"20":{"start":{"line":102,"column":2},"end":{"line":102,"column":59}},"21":{"start":{"line":103,"column":2},"end":{"line":103,"column":55}},"22":{"start":{"line":104,"column":2},"end":{"line":104,"column":55}},"23":{"start":{"line":105,"column":2},"end":{"line":105,"column":52}},"24":{"start":{"line":106,"column":2},"end":{"line":106,"column":56}},"25":{"start":{"line":114,"column":2},"end":{"line":114,"column":19}},"26":{"start":{"line":128,"column":2},"end":{"line":128,"column":35}},"27":{"start":{"line":136,"column":14},"end":{"line":140,"column":3}},"28":{"start":{"line":143,"column":2},"end":{"line":143,"column":93}},"29":{"start":{"line":143,"column":47},"end":{"line":143,"column":93}},"30":{"start":{"line":144,"column":2},"end":{"line":144,"column":93}},"31":{"start":{"line":144,"column":47},"end":{"line":144,"column":93}},"32":{"start":{"line":145,"column":2},"end":{"line":145,"column":110}},"33":{"start":{"line":145,"column":49},"end":{"line":145,"column":110}},"34":{"start":{"line":146,"column":2},"end":{"line":146,"column":97}},"35":{"start":{"line":146,"column":49},"end":{"line":146,"column":97}},"36":{"start":{"line":147,"column":2},"end":{"line":147,"column":93}},"37":{"start":{"line":147,"column":47},"end":{"line":147,"column":93}},"38":{"start":{"line":148,"column":2},"end":{"line":148,"column":93}},"39":{"start":{"line":148,"column":47},"end":{"line":148,"column":93}},"40":{"start":{"line":149,"column":2},"end":{"line":149,"column":97}},"41":{"start":{"line":149,"column":49},"end":{"line":149,"column":97}},"42":{"start":{"line":150,"column":2},"end":{"line":150,"column":97}},"43":{"start":{"line":150,"column":49},"end":{"line":150,"column":97}},"44":{"start":{"line":152,"column":2},"end":{"line":152,"column":15}},"45":{"start":{"line":155,"column":13},"end":{"line":155,"column":28}},"46":{"start":{"line":156,"column":3},"end":{"line":156,"column":41}},"47":{"start":{"line":156,"column":23},"end":{"line":156,"column":41}},"48":{"start":{"line":157,"column":3},"end":{"line":160,"column":5}},"49":{"start":{"line":171,"column":2},"end":{"line":171,"column":37}},"50":{"start":{"line":172,"column":2},"end":{"line":172,"column":28}},"51":{"start":{"line":185,"column":2},"end":{"line":185,"column":20}},"52":{"start":{"line":186,"column":2},"end":{"line":186,"column":20}},"53":{"start":{"line":187,"column":2},"end":{"line":189,"column":3}},"54":{"start":{"line":188,"column":3},"end":{"line":188,"column":60}},"55":{"start":{"line":192,"column":19},"end":{"line":192,"column":55}},"56":{"start":{"line":193,"column":18},"end":{"line":193,"column":22}},"57":{"start":{"line":194,"column":2},"end":{"line":213,"column":3}},"58":{"start":{"line":194,"column":16},"end":{"line":194,"column":17}},"59":{"start":{"line":195,"column":3},"end":{"line":195,"column":29}},"60":{"start":{"line":196,"column":3},"end":{"line":204,"column":4}},"61":{"start":{"line":200,"column":4},"end":{"line":203,"column":6}},"62":{"start":{"line":205,"column":3},"end":{"line":212,"column":6}},"63":{"start":{"line":209,"column":4},"end":{"line":212,"column":6}},"64":{"start":{"line":214,"column":2},"end":{"line":214,"column":15}},"65":{"start":{"line":225,"column":2},"end":{"line":226,"column":70}},"66":{"start":{"line":226,"column":3},"end":{"line":226,"column":70}},"67":{"start":{"line":227,"column":2},"end":{"line":227,"column":50}},"68":{"start":{"line":250,"column":2},"end":{"line":250,"column":67}},"69":{"start":{"line":250,"column":22},"end":{"line":250,"column":67}},"70":{"start":{"line":251,"column":2},"end":{"line":251,"column":65}},"71":{"start":{"line":251,"column":21},"end":{"line":251,"column":65}},"72":{"start":{"line":252,"column":2},"end":{"line":252,"column":43}},"73":{"start":{"line":253,"column":2},"end":{"line":253,"column":69}},"74":{"start":{"line":254,"column":2},"end":{"line":254,"column":53}},"75":{"start":{"line":255,"column":2},"end":{"line":255,"column":30}},"76":{"start":{"line":256,"column":2},"end":{"line":256,"column":30}},"77":{"start":{"line":257,"column":2},"end":{"line":258,"column":68}},"78":{"start":{"line":258,"column":3},"end":{"line":258,"column":68}},"79":{"start":{"line":259,"column":2},"end":{"line":259,"column":9}},"80":{"start":{"line":268,"column":2},"end":{"line":269,"column":73}},"81":{"start":{"line":268,"column":36},"end":{"line":268,"column":43}},"82":{"start":{"line":269,"column":7},"end":{"line":269,"column":73}},"83":{"start":{"line":278,"column":2},"end":{"line":279,"column":60}},"84":{"start":{"line":279,"column":3},"end":{"line":279,"column":60}},"85":{"start":{"line":280,"column":2},"end":{"line":280,"column":9}},"86":{"start":{"line":292,"column":2},"end":{"line":309,"column":3}},"87":{"start":{"line":293,"column":3},"end":{"line":306,"column":4}},"88":{"start":{"line":294,"column":4},"end":{"line":298,"column":6}},"89":{"start":{"line":303,"column":4},"end":{"line":303,"column":38}},"90":{"start":{"line":304,"column":4},"end":{"line":304,"column":63}},"91":{"start":{"line":304,"column":38},"end":{"line":304,"column":63}},"92":{"start":{"line":305,"column":4},"end":{"line":305,"column":26}},"93":{"start":{"line":308,"column":3},"end":{"line":308,"column":10}},"94":{"start":{"line":318,"column":2},"end":{"line":325,"column":5}},"95":{"start":{"line":319,"column":3},"end":{"line":319,"column":10}},"96":{"start":{"line":321,"column":3},"end":{"line":325,"column":5}},"97":{"start":{"line":337,"column":2},"end":{"line":387,"column":3}},"98":{"start":{"line":338,"column":17},"end":{"line":338,"column":53}},"99":{"start":{"line":339,"column":17},"end":{"line":339,"column":53}},"100":{"start":{"line":342,"column":11},"end":{"line":342,"column":35}},"101":{"start":{"line":343,"column":11},"end":{"line":343,"column":35}},"102":{"start":{"line":344,"column":3},"end":{"line":351,"column":4}},"103":{"start":{"line":345,"column":4},"end":{"line":348,"column":7}},"104":{"start":{"line":346,"column":5},"end":{"line":348,"column":7}},"105":{"start":{"line":349,"column":4},"end":{"line":349,"column":17}},"106":{"start":{"line":350,"column":4},"end":{"line":350,"column":17}},"107":{"start":{"line":352,"column":9},"end":{"line":387,"column":3}},"108":{"start":{"line":354,"column":3},"end":{"line":386,"column":4}},"109":{"start":{"line":360,"column":15},"end":{"line":360,"column":72}},"110":{"start":{"line":361,"column":16},"end":{"line":361,"column":65}},"111":{"start":{"line":363,"column":4},"end":{"line":369,"column":5}},"112":{"start":{"line":364,"column":5},"end":{"line":367,"column":8}},"113":{"start":{"line":365,"column":6},"end":{"line":367,"column":8}},"114":{"start":{"line":368,"column":5},"end":{"line":368,"column":12}},"115":{"start":{"line":376,"column":15},"end":{"line":376,"column":72}},"116":{"start":{"line":377,"column":16},"end":{"line":377,"column":65}},"117":{"start":{"line":379,"column":4},"end":{"line":385,"column":5}},"118":{"start":{"line":380,"column":5},"end":{"line":383,"column":8}},"119":{"start":{"line":381,"column":6},"end":{"line":383,"column":8}},"120":{"start":{"line":384,"column":5},"end":{"line":384,"column":12}},"121":{"start":{"line":389,"column":2},"end":{"line":389,"column":9}},"122":{"start":{"line":400,"column":17},"end":{"line":400,"column":49}},"123":{"start":{"line":402,"column":2},"end":{"line":408,"column":3}},"124":{"start":{"line":403,"column":3},"end":{"line":407,"column":4}},"125":{"start":{"line":404,"column":4},"end":{"line":404,"column":76}},"126":{"start":{"line":406,"column":4},"end":{"line":406,"column":27}},"127":{"start":{"line":410,"column":2},"end":{"line":410,"column":36}},"128":{"start":{"line":411,"column":2},"end":{"line":411,"column":9}},"129":{"start":{"line":419,"column":2},"end":{"line":422,"column":3}},"130":{"start":{"line":420,"column":3},"end":{"line":421,"column":70}},"131":{"start":{"line":420,"column":31},"end":{"line":420,"column":63}},"132":{"start":{"line":421,"column":8},"end":{"line":421,"column":70}},"133":{"start":{"line":421,"column":36},"end":{"line":421,"column":70}},"134":{"start":{"line":426,"column":2},"end":{"line":426,"column":21}},"135":{"start":{"line":426,"column":14},"end":{"line":426,"column":21}},"136":{"start":{"line":434,"column":2},"end":{"line":434,"column":50}},"137":{"start":{"line":435,"column":2},"end":{"line":435,"column":25}},"138":{"start":{"line":439,"column":2},"end":{"line":440,"column":33}},"139":{"start":{"line":439,"column":14},"end":{"line":439,"column":21}},"140":{"start":{"line":440,"column":7},"end":{"line":440,"column":33}},"141":{"start":{"line":449,"column":2},"end":{"line":456,"column":3}},"142":{"start":{"line":455,"column":3},"end":{"line":455,"column":10}},"143":{"start":{"line":459,"column":10},"end":{"line":459,"column":30}},"144":{"start":{"line":460,"column":10},"end":{"line":460,"column":30}},"145":{"start":{"line":463,"column":2},"end":{"line":468,"column":38}},"146":{"start":{"line":468,"column":3},"end":{"line":468,"column":38}},"147":{"start":{"line":471,"column":2},"end":{"line":476,"column":38}},"148":{"start":{"line":476,"column":3},"end":{"line":476,"column":38}},"149":{"start":{"line":480,"column":15},"end":{"line":485,"column":3}},"150":{"start":{"line":486,"column":2},"end":{"line":490,"column":3}},"151":{"start":{"line":486,"column":16},"end":{"line":486,"column":17}},"152":{"start":{"line":487,"column":3},"end":{"line":489,"column":4}},"153":{"start":{"line":488,"column":4},"end":{"line":488,"column":11}},"154":{"start":{"line":492,"column":2},"end":{"line":492,"column":37}}},"fnMap":{"0":{"name":"(anonymous_0)","decl":{"start":{"line":14,"column":1},"end":{"line":14,"column":2}},"loc":{"start":{"line":14,"column":26},"end":{"line":107,"column":2}},"line":14},"1":{"name":"(anonymous_1)","decl":{"start":{"line":18,"column":34},"end":{"line":18,"column":35}},"loc":{"start":{"line":18,"column":40},"end":{"line":18,"column":42}},"line":18},"2":{"name":"(anonymous_2)","decl":{"start":{"line":113,"column":1},"end":{"line":113,"column":2}},"loc":{"start":{"line":113,"column":13},"end":{"line":115,"column":2}},"line":113},"3":{"name":"(anonymous_3)","decl":{"start":{"line":127,"column":1},"end":{"line":127,"column":2}},"loc":{"start":{"line":127,"column":18},"end":{"line":129,"column":2}},"line":127},"4":{"name":"(anonymous_4)","decl":{"start":{"line":135,"column":1},"end":{"line":135,"column":2}},"loc":{"start":{"line":135,"column":12},"end":{"line":162,"column":2}},"line":135},"5":{"name":"addPieceToState","decl":{"start":{"line":154,"column":11},"end":{"line":154,"column":26}},"loc":{"start":{"line":154,"column":60},"end":{"line":161,"column":3}},"line":154},"6":{"name":"(anonymous_6)","decl":{"start":{"line":170,"column":1},"end":{"line":170,"column":2}},"loc":{"start":{"line":170,"column":24},"end":{"line":173,"column":2}},"line":170},"7":{"name":"(anonymous_7)","decl":{"start":{"line":184,"column":1},"end":{"line":184,"column":2}},"loc":{"start":{"line":184,"column":19},"end":{"line":215,"column":2}},"line":184},"8":{"name":"(anonymous_8)","decl":{"start":{"line":224,"column":1},"end":{"line":224,"column":2}},"loc":{"start":{"line":224,"column":20},"end":{"line":228,"column":2}},"line":224},"9":{"name":"(anonymous_9)","decl":{"start":{"line":249,"column":1},"end":{"line":249,"column":2}},"loc":{"start":{"line":249,"column":30},"end":{"line":260,"column":2}},"line":249},"10":{"name":"(anonymous_10)","decl":{"start":{"line":267,"column":1},"end":{"line":267,"column":2}},"loc":{"start":{"line":267,"column":27},"end":{"line":270,"column":2}},"line":267},"11":{"name":"(anonymous_11)","decl":{"start":{"line":277,"column":1},"end":{"line":277,"column":2}},"loc":{"start":{"line":277,"column":37},"end":{"line":281,"column":2}},"line":277},"12":{"name":"(anonymous_12)","decl":{"start":{"line":291,"column":1},"end":{"line":291,"column":2}},"loc":{"start":{"line":291,"column":35},"end":{"line":310,"column":2}},"line":291},"13":{"name":"(anonymous_13)","decl":{"start":{"line":317,"column":1},"end":{"line":317,"column":2}},"loc":{"start":{"line":317,"column":24},"end":{"line":326,"column":2}},"line":317},"14":{"name":"(anonymous_14)","decl":{"start":{"line":334,"column":1},"end":{"line":334,"column":2}},"loc":{"start":{"line":334,"column":31},"end":{"line":390,"column":2}},"line":334},"15":{"name":"(anonymous_15)","decl":{"start":{"line":399,"column":1},"end":{"line":399,"column":2}},"loc":{"start":{"line":399,"column":27},"end":{"line":412,"column":2}},"line":399},"16":{"name":"(anonymous_16)","decl":{"start":{"line":418,"column":1},"end":{"line":418,"column":2}},"loc":{"start":{"line":418,"column":27},"end":{"line":427,"column":2}},"line":418},"17":{"name":"(anonymous_17)","decl":{"start":{"line":433,"column":1},"end":{"line":433,"column":2}},"loc":{"start":{"line":433,"column":24},"end":{"line":441,"column":2}},"line":433},"18":{"name":"(anonymous_18)","decl":{"start":{"line":447,"column":1},"end":{"line":447,"column":2}},"loc":{"start":{"line":447,"column":22},"end":{"line":493,"column":2}},"line":447}},"branchMap":{"0":{"loc":{"start":{"line":14,"column":14},"end":{"line":14,"column":24}},"type":"default-arg","locations":[{"start":{"line":14,"column":22},"end":{"line":14,"column":24}}],"line":14},"1":{"loc":{"start":{"line":15,"column":2},"end":{"line":16,"column":65}},"type":"if","locations":[{"start":{"line":15,"column":2},"end":{"line":16,"column":65}},{"start":{"line":15,"column":2},"end":{"line":16,"column":65}}],"line":15},"2":{"loc":{"start":{"line":15,"column":7},"end":{"line":15,"column":29}},"type":"binary-expr","locations":[{"start":{"line":15,"column":7},"end":{"line":15,"column":16}},{"start":{"line":15,"column":20},"end":{"line":15,"column":29}}],"line":15},"3":{"loc":{"start":{"line":18,"column":16},"end":{"line":18,"column":43}},"type":"binary-expr","locations":[{"start":{"line":18,"column":16},"end":{"line":18,"column":28}},{"start":{"line":18,"column":34},"end":{"line":18,"column":42}}],"line":18},"4":{"loc":{"start":{"line":26,"column":10},"end":{"line":26,"column":29}},"type":"binary-expr","locations":[{"start":{"line":26,"column":10},"end":{"line":26,"column":23}},{"start":{"line":26,"column":27},"end":{"line":26,"column":29}}],"line":26},"5":{"loc":{"start":{"line":28,"column":4},"end":{"line":32,"column":6}},"type":"binary-expr","locations":[{"start":{"line":28,"column":4},"end":{"line":28,"column":17}},{"start":{"line":29,"column":4},"end":{"line":32,"column":6}}],"line":28},"6":{"loc":{"start":{"line":34,"column":4},"end":{"line":38,"column":6}},"type":"binary-expr","locations":[{"start":{"line":34,"column":4},"end":{"line":34,"column":17}},{"start":{"line":35,"column":4},"end":{"line":38,"column":6}}],"line":34},"7":{"loc":{"start":{"line":40,"column":4},"end":{"line":44,"column":6}},"type":"binary-expr","locations":[{"start":{"line":40,"column":4},"end":{"line":40,"column":19}},{"start":{"line":41,"column":4},"end":{"line":44,"column":6}}],"line":40},"8":{"loc":{"start":{"line":46,"column":4},"end":{"line":50,"column":6}},"type":"binary-expr","locations":[{"start":{"line":46,"column":4},"end":{"line":46,"column":19}},{"start":{"line":47,"column":4},"end":{"line":50,"column":6}}],"line":46},"9":{"loc":{"start":{"line":53,"column":10},"end":{"line":53,"column":29}},"type":"binary-expr","locations":[{"start":{"line":53,"column":10},"end":{"line":53,"column":23}},{"start":{"line":53,"column":27},"end":{"line":53,"column":29}}],"line":53},"10":{"loc":{"start":{"line":55,"column":4},"end":{"line":60,"column":6}},"type":"binary-expr","locations":[{"start":{"line":55,"column":4},"end":{"line":55,"column":17}},{"start":{"line":56,"column":4},"end":{"line":60,"column":6}}],"line":55},"11":{"loc":{"start":{"line":62,"column":4},"end":{"line":66,"column":6}},"type":"binary-expr","locations":[{"start":{"line":62,"column":4},"end":{"line":62,"column":17}},{"start":{"line":63,"column":4},"end":{"line":66,"column":6}}],"line":62},"12":{"loc":{"start":{"line":68,"column":4},"end":{"line":72,"column":6}},"type":"binary-expr","locations":[{"start":{"line":68,"column":4},"end":{"line":68,"column":19}},{"start":{"line":69,"column":4},"end":{"line":72,"column":6}}],"line":68},"13":{"loc":{"start":{"line":74,"column":4},"end":{"line":78,"column":6}},"type":"binary-expr","locations":[{"start":{"line":74,"column":4},"end":{"line":74,"column":19}},{"start":{"line":75,"column":4},"end":{"line":78,"column":6}}],"line":74},"14":{"loc":{"start":{"line":143,"column":2},"end":{"line":143,"column":93}},"type":"if","locations":[{"start":{"line":143,"column":2},"end":{"line":143,"column":93}},{"start":{"line":143,"column":2},"end":{"line":143,"column":93}}],"line":143},"15":{"loc":{"start":{"line":144,"column":2},"end":{"line":144,"column":93}},"type":"if","locations":[{"start":{"line":144,"column":2},"end":{"line":144,"column":93}},{"start":{"line":144,"column":2},"end":{"line":144,"column":93}}],"line":144},"16":{"loc":{"start":{"line":145,"column":2},"end":{"line":145,"column":110}},"type":"if","locations":[{"start":{"line":145,"column":2},"end":{"line":145,"column":110}},{"start":{"line":145,"column":2},"end":{"line":145,"column":110}}],"line":145},"17":{"loc":{"start":{"line":146,"column":2},"end":{"line":146,"column":97}},"type":"if","locations":[{"start":{"line":146,"column":2},"end":{"line":146,"column":97}},{"start":{"line":146,"column":2},"end":{"line":146,"column":97}}],"line":146},"18":{"loc":{"start":{"line":147,"column":2},"end":{"line":147,"column":93}},"type":"if","locations":[{"start":{"line":147,"column":2},"end":{"line":147,"column":93}},{"start":{"line":147,"column":2},"end":{"line":147,"column":93}}],"line":147},"19":{"loc":{"start":{"line":148,"column":2},"end":{"line":148,"column":93}},"type":"if","locations":[{"start":{"line":148,"column":2},"end":{"line":148,"column":93}},{"start":{"line":148,"column":2},"end":{"line":148,"column":93}}],"line":148},"20":{"loc":{"start":{"line":149,"column":2},"end":{"line":149,"column":97}},"type":"if","locations":[{"start":{"line":149,"column":2},"end":{"line":149,"column":97}},{"start":{"line":149,"column":2},"end":{"line":149,"column":97}}],"line":149},"21":{"loc":{"start":{"line":150,"column":2},"end":{"line":150,"column":97}},"type":"if","locations":[{"start":{"line":150,"column":2},"end":{"line":150,"column":97}},{"start":{"line":150,"column":2},"end":{"line":150,"column":97}}],"line":150},"22":{"loc":{"start":{"line":156,"column":3},"end":{"line":156,"column":41}},"type":"if","locations":[{"start":{"line":156,"column":3},"end":{"line":156,"column":41}},{"start":{"line":156,"column":3},"end":{"line":156,"column":41}}],"line":156},"23":{"loc":{"start":{"line":187,"column":2},"end":{"line":189,"column":3}},"type":"if","locations":[{"start":{"line":187,"column":2},"end":{"line":189,"column":3}},{"start":{"line":187,"column":2},"end":{"line":189,"column":3}}],"line":187},"24":{"loc":{"start":{"line":187,"column":7},"end":{"line":187,"column":45}},"type":"binary-expr","locations":[{"start":{"line":187,"column":7},"end":{"line":187,"column":24}},{"start":{"line":187,"column":28},"end":{"line":187,"column":45}}],"line":187},"25":{"loc":{"start":{"line":196,"column":3},"end":{"line":204,"column":4}},"type":"if","locations":[{"start":{"line":196,"column":3},"end":{"line":204,"column":4}},{"start":{"line":196,"column":3},"end":{"line":204,"column":4}}],"line":196},"26":{"loc":{"start":{"line":197,"column":4},"end":{"line":198,"column":42}},"type":"binary-expr","locations":[{"start":{"line":197,"column":4},"end":{"line":197,"column":38}},{"start":{"line":198,"column":8},"end":{"line":198,"column":42}}],"line":197},"27":{"loc":{"start":{"line":205,"column":3},"end":{"line":212,"column":6}},"type":"if","locations":[{"start":{"line":205,"column":3},"end":{"line":212,"column":6}},{"start":{"line":205,"column":3},"end":{"line":212,"column":6}}],"line":205},"28":{"loc":{"start":{"line":206,"column":4},"end":{"line":207,"column":42}},"type":"binary-expr","locations":[{"start":{"line":206,"column":4},"end":{"line":206,"column":38}},{"start":{"line":207,"column":8},"end":{"line":207,"column":42}}],"line":206},"29":{"loc":{"start":{"line":225,"column":2},"end":{"line":226,"column":70}},"type":"if","locations":[{"start":{"line":225,"column":2},"end":{"line":226,"column":70}},{"start":{"line":225,"column":2},"end":{"line":226,"column":70}}],"line":225},"30":{"loc":{"start":{"line":227,"column":9},"end":{"line":227,"column":49}},"type":"binary-expr","locations":[{"start":{"line":227,"column":9},"end":{"line":227,"column":27}},{"start":{"line":227,"column":31},"end":{"line":227,"column":49}}],"line":227},"31":{"loc":{"start":{"line":250,"column":2},"end":{"line":250,"column":67}},"type":"if","locations":[{"start":{"line":250,"column":2},"end":{"line":250,"column":67}},{"start":{"line":250,"column":2},"end":{"line":250,"column":67}}],"line":250},"32":{"loc":{"start":{"line":251,"column":2},"end":{"line":251,"column":65}},"type":"if","locations":[{"start":{"line":251,"column":2},"end":{"line":251,"column":65}},{"start":{"line":251,"column":2},"end":{"line":251,"column":65}}],"line":251},"33":{"loc":{"start":{"line":253,"column":16},"end":{"line":253,"column":68}},"type":"cond-expr","locations":[{"start":{"line":253,"column":39},"end":{"line":253,"column":52}},{"start":{"line":253,"column":55},"end":{"line":253,"column":68}}],"line":253},"34":{"loc":{"start":{"line":257,"column":2},"end":{"line":258,"column":68}},"type":"if","locations":[{"start":{"line":257,"column":2},"end":{"line":258,"column":68}},{"start":{"line":257,"column":2},"end":{"line":258,"column":68}}],"line":257},"35":{"loc":{"start":{"line":257,"column":7},"end":{"line":257,"column":55}},"type":"binary-expr","locations":[{"start":{"line":257,"column":7},"end":{"line":257,"column":29}},{"start":{"line":257,"column":33},"end":{"line":257,"column":55}}],"line":257},"36":{"loc":{"start":{"line":268,"column":2},"end":{"line":269,"column":73}},"type":"if","locations":[{"start":{"line":268,"column":2},"end":{"line":269,"column":73}},{"start":{"line":268,"column":2},"end":{"line":269,"column":73}}],"line":268},"37":{"loc":{"start":{"line":278,"column":2},"end":{"line":279,"column":60}},"type":"if","locations":[{"start":{"line":278,"column":2},"end":{"line":279,"column":60}},{"start":{"line":278,"column":2},"end":{"line":279,"column":60}}],"line":278},"38":{"loc":{"start":{"line":292,"column":2},"end":{"line":309,"column":3}},"type":"if","locations":[{"start":{"line":292,"column":2},"end":{"line":309,"column":3}},{"start":{"line":292,"column":2},"end":{"line":309,"column":3}}],"line":292},"39":{"loc":{"start":{"line":293,"column":3},"end":{"line":306,"column":4}},"type":"if","locations":[{"start":{"line":293,"column":3},"end":{"line":306,"column":4}},{"start":{"line":293,"column":3},"end":{"line":306,"column":4}}],"line":293},"40":{"loc":{"start":{"line":304,"column":4},"end":{"line":304,"column":63}},"type":"if","locations":[{"start":{"line":304,"column":4},"end":{"line":304,"column":63}},{"start":{"line":304,"column":4},"end":{"line":304,"column":63}}],"line":304},"41":{"loc":{"start":{"line":318,"column":2},"end":{"line":325,"column":5}},"type":"if","locations":[{"start":{"line":318,"column":2},"end":{"line":325,"column":5}},{"start":{"line":318,"column":2},"end":{"line":325,"column":5}}],"line":318},"42":{"loc":{"start":{"line":337,"column":2},"end":{"line":387,"column":3}},"type":"if","locations":[{"start":{"line":337,"column":2},"end":{"line":387,"column":3}},{"start":{"line":337,"column":2},"end":{"line":387,"column":3}}],"line":337},"43":{"loc":{"start":{"line":338,"column":17},"end":{"line":338,"column":53}},"type":"cond-expr","locations":[{"start":{"line":338,"column":47},"end":{"line":338,"column":49}},{"start":{"line":338,"column":52},"end":{"line":338,"column":53}}],"line":338},"44":{"loc":{"start":{"line":339,"column":17},"end":{"line":339,"column":53}},"type":"cond-expr","locations":[{"start":{"line":339,"column":47},"end":{"line":339,"column":49}},{"start":{"line":339,"column":52},"end":{"line":339,"column":53}}],"line":339},"45":{"loc":{"start":{"line":345,"column":4},"end":{"line":348,"column":7}},"type":"if","locations":[{"start":{"line":345,"column":4},"end":{"line":348,"column":7}},{"start":{"line":345,"column":4},"end":{"line":348,"column":7}}],"line":345},"46":{"loc":{"start":{"line":352,"column":9},"end":{"line":387,"column":3}},"type":"if","locations":[{"start":{"line":352,"column":9},"end":{"line":387,"column":3}},{"start":{"line":352,"column":9},"end":{"line":387,"column":3}}],"line":352},"47":{"loc":{"start":{"line":354,"column":3},"end":{"line":386,"column":4}},"type":"if","locations":[{"start":{"line":354,"column":3},"end":{"line":386,"column":4}},{"start":{"line":354,"column":3},"end":{"line":386,"column":4}}],"line":354},"48":{"loc":{"start":{"line":360,"column":17},"end":{"line":360,"column":66}},"type":"cond-expr","locations":[{"start":{"line":360,"column":43},"end":{"line":360,"column":57}},{"start":{"line":360,"column":60},"end":{"line":360,"column":66}}],"line":360},"49":{"loc":{"start":{"line":361,"column":16},"end":{"line":361,"column":65}},"type":"cond-expr","locations":[{"start":{"line":361,"column":42},"end":{"line":361,"column":48}},{"start":{"line":361,"column":51},"end":{"line":361,"column":65}}],"line":361},"50":{"loc":{"start":{"line":364,"column":5},"end":{"line":367,"column":8}},"type":"if","locations":[{"start":{"line":364,"column":5},"end":{"line":367,"column":8}},{"start":{"line":364,"column":5},"end":{"line":367,"column":8}}],"line":364},"51":{"loc":{"start":{"line":376,"column":17},"end":{"line":376,"column":66}},"type":"cond-expr","locations":[{"start":{"line":376,"column":43},"end":{"line":376,"column":57}},{"start":{"line":376,"column":60},"end":{"line":376,"column":66}}],"line":376},"52":{"loc":{"start":{"line":377,"column":16},"end":{"line":377,"column":65}},"type":"cond-expr","locations":[{"start":{"line":377,"column":42},"end":{"line":377,"column":48}},{"start":{"line":377,"column":51},"end":{"line":377,"column":65}}],"line":377},"53":{"loc":{"start":{"line":380,"column":5},"end":{"line":383,"column":8}},"type":"if","locations":[{"start":{"line":380,"column":5},"end":{"line":383,"column":8}},{"start":{"line":380,"column":5},"end":{"line":383,"column":8}}],"line":380},"54":{"loc":{"start":{"line":402,"column":2},"end":{"line":408,"column":3}},"type":"if","locations":[{"start":{"line":402,"column":2},"end":{"line":408,"column":3}},{"start":{"line":402,"column":2},"end":{"line":408,"column":3}}],"line":402},"55":{"loc":{"start":{"line":403,"column":3},"end":{"line":407,"column":4}},"type":"if","locations":[{"start":{"line":403,"column":3},"end":{"line":407,"column":4}},{"start":{"line":403,"column":3},"end":{"line":407,"column":4}}],"line":403},"56":{"loc":{"start":{"line":419,"column":2},"end":{"line":422,"column":3}},"type":"if","locations":[{"start":{"line":419,"column":2},"end":{"line":422,"column":3}},{"start":{"line":419,"column":2},"end":{"line":422,"column":3}}],"line":419},"57":{"loc":{"start":{"line":420,"column":3},"end":{"line":421,"column":70}},"type":"if","locations":[{"start":{"line":420,"column":3},"end":{"line":421,"column":70}},{"start":{"line":420,"column":3},"end":{"line":421,"column":70}}],"line":420},"58":{"loc":{"start":{"line":421,"column":8},"end":{"line":421,"column":70}},"type":"if","locations":[{"start":{"line":421,"column":8},"end":{"line":421,"column":70}},{"start":{"line":421,"column":8},"end":{"line":421,"column":70}}],"line":421},"59":{"loc":{"start":{"line":426,"column":2},"end":{"line":426,"column":21}},"type":"if","locations":[{"start":{"line":426,"column":2},"end":{"line":426,"column":21}},{"start":{"line":426,"column":2},"end":{"line":426,"column":21}}],"line":426},"60":{"loc":{"start":{"line":434,"column":20},"end":{"line":434,"column":49}},"type":"cond-expr","locations":[{"start":{"line":434,"column":44},"end":{"line":434,"column":45}},{"start":{"line":434,"column":48},"end":{"line":434,"column":49}}],"line":434},"61":{"loc":{"start":{"line":439,"column":2},"end":{"line":440,"column":33}},"type":"if","locations":[{"start":{"line":439,"column":2},"end":{"line":440,"column":33}},{"start":{"line":439,"column":2},"end":{"line":440,"column":33}}],"line":439},"62":{"loc":{"start":{"line":449,"column":2},"end":{"line":456,"column":3}},"type":"if","locations":[{"start":{"line":449,"column":2},"end":{"line":456,"column":3}},{"start":{"line":449,"column":2},"end":{"line":456,"column":3}}],"line":449},"63":{"loc":{"start":{"line":450,"column":3},"end":{"line":453,"column":39}},"type":"binary-expr","locations":[{"start":{"line":450,"column":3},"end":{"line":450,"column":37}},{"start":{"line":451,"column":3},"end":{"line":451,"column":37}},{"start":{"line":452,"column":3},"end":{"line":452,"column":39}},{"start":{"line":453,"column":3},"end":{"line":453,"column":39}}],"line":450},"64":{"loc":{"start":{"line":463,"column":2},"end":{"line":468,"column":38}},"type":"if","locations":[{"start":{"line":463,"column":2},"end":{"line":468,"column":38}},{"start":{"line":463,"column":2},"end":{"line":468,"column":38}}],"line":463},"65":{"loc":{"start":{"line":464,"column":3},"end":{"line":466,"column":29}},"type":"binary-expr","locations":[{"start":{"line":464,"column":3},"end":{"line":464,"column":31}},{"start":{"line":465,"column":3},"end":{"line":465,"column":31}},{"start":{"line":466,"column":3},"end":{"line":466,"column":29}}],"line":464},"66":{"loc":{"start":{"line":471,"column":2},"end":{"line":476,"column":38}},"type":"if","locations":[{"start":{"line":471,"column":2},"end":{"line":476,"column":38}},{"start":{"line":471,"column":2},"end":{"line":476,"column":38}}],"line":471},"67":{"loc":{"start":{"line":472,"column":3},"end":{"line":474,"column":29}},"type":"binary-expr","locations":[{"start":{"line":472,"column":3},"end":{"line":472,"column":31}},{"start":{"line":473,"column":3},"end":{"line":473,"column":31}},{"start":{"line":474,"column":3},"end":{"line":474,"column":29}}],"line":472},"68":{"loc":{"start":{"line":487,"column":3},"end":{"line":489,"column":4}},"type":"if","locations":[{"start":{"line":487,"column":3},"end":{"line":489,"column":4}},{"start":{"line":487,"column":3},"end":{"line":489,"column":4}}],"line":487}},"s":{"0":43,"1":1,"2":42,"3":42,"4":42,"5":42,"6":42,"7":42,"8":42,"9":42,"10":42,"11":42,"12":42,"13":42,"14":42,"15":42,"16":42,"17":42,"18":42,"19":42,"20":42,"21":42,"22":42,"23":42,"24":42,"25":3,"26":114,"27":9,"28":9,"29":8,"30":9,"31":4,"32":9,"33":6,"34":9,"35":2,"36":9,"37":3,"38":9,"39":7,"40":9,"41":1,"42":9,"43":5,"44":9,"45":36,"46":36,"47":15,"48":36,"49":3,"50":3,"51":132,"52":132,"53":132,"54":3,"55":129,"56":129,"57":129,"58":129,"59":447,"60":447,"61":9,"62":438,"63":16,"64":104,"65":393,"66":6,"67":387,"68":121,"69":1,"70":120,"71":1,"72":119,"73":119,"74":119,"75":119,"76":119,"77":119,"78":5,"79":114,"80":116,"81":115,"82":1,"83":114,"84":2,"85":112,"86":112,"87":92,"88":1,"89":91,"90":91,"91":39,"92":91,"93":20,"94":20,"95":16,"96":4,"97":16,"98":4,"99":4,"100":4,"101":4,"102":4,"103":5,"104":4,"105":1,"106":1,"107":12,"108":6,"109":4,"110":4,"111":4,"112":2,"113":2,"114":0,"115":2,"116":2,"117":2,"118":2,"119":2,"120":0,"121":8,"122":8,"123":8,"124":6,"125":1,"126":5,"127":7,"128":7,"129":46,"130":45,"131":8,"132":37,"133":5,"134":46,"135":7,"136":98,"137":98,"138":98,"139":7,"140":91,"141":98,"142":91,"143":7,"144":7,"145":7,"146":1,"147":6,"148":1,"149":5,"150":5,"151":5,"152":12,"153":4,"154":1},"f":{"0":43,"1":0,"2":3,"3":114,"4":9,"5":36,"6":3,"7":132,"8":393,"9":121,"10":116,"11":114,"12":112,"13":20,"14":16,"15":8,"16":46,"17":98,"18":98},"b":{"0":[1],"1":[1,42],"2":[43,42],"3":[42,42],"4":[42,2],"5":[42,40],"6":[42,40],"7":[42,40],"8":[42,40],"9":[42,2],"10":[42,40],"11":[42,40],"12":[42,40],"13":[42,40],"14":[8,1],"15":[4,5],"16":[6,3],"17":[2,7],"18":[3,6],"19":[7,2],"20":[1,8],"21":[5,4],"22":[15,21],"23":[3,129],"24":[132,130],"25":[9,438],"26":[447,43],"27":[16,422],"28":[438,31],"29":[6,387],"30":[387,219],"31":[1,120],"32":[1,119],"33":[72,47],"34":[5,114],"35":[119,115],"36":[115,1],"37":[2,112],"38":[92,20],"39":[1,91],"40":[39,52],"41":[16,4],"42":[4,12],"43":[2,2],"44":[2,2],"45":[4,1],"46":[6,6],"47":[4,2],"48":[2,2],"49":[2,2],"50":[2,0],"51":[1,1],"52":[1,1],"53":[2,0],"54":[6,2],"55":[1,5],"56":[45,1],"57":[8,37],"58":[5,32],"59":[7,39],"60":[55,43],"61":[7,91],"62":[91,7],"63":[98,70,26,8],"64":[1,6],"65":[7,2,1],"66":[1,5],"67":[6,1,1],"68":[4,8]},"_coverageSchema":"1a1c01bbd47fc00a2c39e90264f33305004495a9","hash":"703aa0d19ab455e03e81321a3410ec558afd014e"}
,"/home/ty/Projects/check4/src/Check4Errors.js": {"path":"/home/ty/Projects/check4/src/Check4Errors.js","statementMap":{"0":{"start":{"line":10,"column":2},"end":{"line":10,"column":15}},"1":{"start":{"line":11,"column":2},"end":{"line":11,"column":36}},"2":{"start":{"line":21,"column":2},"end":{"line":21,"column":15}},"3":{"start":{"line":22,"column":2},"end":{"line":22,"column":36}},"4":{"start":{"line":23,"column":2},"end":{"line":23,"column":19}},"5":{"start":{"line":33,"column":2},"end":{"line":33,"column":15}},"6":{"start":{"line":34,"column":2},"end":{"line":34,"column":36}},"7":{"start":{"line":35,"column":2},"end":{"line":35,"column":19}},"8":{"start":{"line":45,"column":2},"end":{"line":45,"column":15}},"9":{"start":{"line":46,"column":2},"end":{"line":46,"column":36}},"10":{"start":{"line":47,"column":2},"end":{"line":47,"column":19}}},"fnMap":{"0":{"name":"(anonymous_0)","decl":{"start":{"line":9,"column":1},"end":{"line":9,"column":2}},"loc":{"start":{"line":9,"column":39},"end":{"line":12,"column":2}},"line":9},"1":{"name":"(anonymous_1)","decl":{"start":{"line":20,"column":1},"end":{"line":20,"column":2}},"loc":{"start":{"line":20,"column":50},"end":{"line":24,"column":2}},"line":20},"2":{"name":"(anonymous_2)","decl":{"start":{"line":32,"column":1},"end":{"line":32,"column":2}},"loc":{"start":{"line":32,"column":48},"end":{"line":36,"column":2}},"line":32},"3":{"name":"(anonymous_3)","decl":{"start":{"line":44,"column":1},"end":{"line":44,"column":2}},"loc":{"start":{"line":44,"column":47},"end":{"line":48,"column":2}},"line":44}},"branchMap":{"0":{"loc":{"start":{"line":9,"column":14},"end":{"line":9,"column":36}},"type":"default-arg","locations":[{"start":{"line":9,"column":20},"end":{"line":9,"column":36}}],"line":9},"1":{"loc":{"start":{"line":20,"column":14},"end":{"line":20,"column":34}},"type":"default-arg","locations":[{"start":{"line":20,"column":20},"end":{"line":20,"column":34}}],"line":20},"2":{"loc":{"start":{"line":20,"column":36},"end":{"line":20,"column":47}},"type":"default-arg","locations":[{"start":{"line":20,"column":43},"end":{"line":20,"column":47}}],"line":20},"3":{"loc":{"start":{"line":32,"column":14},"end":{"line":32,"column":32}},"type":"default-arg","locations":[{"start":{"line":32,"column":20},"end":{"line":32,"column":32}}],"line":32},"4":{"loc":{"start":{"line":32,"column":34},"end":{"line":32,"column":45}},"type":"default-arg","locations":[{"start":{"line":32,"column":41},"end":{"line":32,"column":45}}],"line":32},"5":{"loc":{"start":{"line":44,"column":14},"end":{"line":44,"column":31}},"type":"default-arg","locations":[{"start":{"line":44,"column":20},"end":{"line":44,"column":31}}],"line":44},"6":{"loc":{"start":{"line":44,"column":33},"end":{"line":44,"column":44}},"type":"default-arg","locations":[{"start":{"line":44,"column":40},"end":{"line":44,"column":44}}],"line":44}},"s":{"0":39,"1":39,"2":24,"3":24,"4":24,"5":7,"6":7,"7":7,"8":6,"9":6,"10":6},"f":{"0":39,"1":24,"2":7,"3":6},"b":{"0":[1],"1":[3],"2":[23],"3":[3],"4":[6],"5":[3],"6":[4]},"_coverageSchema":"1a1c01bbd47fc00a2c39e90264f33305004495a9","hash":"e67c5beecf41a15d187177f122eb2874282fcc86"}
,"/home/ty/Projects/check4/src/Pieces.js": {"path":"/home/ty/Projects/check4/src/Pieces.js","statementMap":{"0":{"start":{"line":9,"column":2},"end":{"line":9,"column":67}},"1":{"start":{"line":9,"column":37},"end":{"line":9,"column":67}},"2":{"start":{"line":10,"column":2},"end":{"line":10,"column":67}},"3":{"start":{"line":10,"column":37},"end":{"line":10,"column":67}},"4":{"start":{"line":11,"column":2},"end":{"line":12,"column":61}},"5":{"start":{"line":12,"column":3},"end":{"line":12,"column":61}},"6":{"start":{"line":14,"column":2},"end":{"line":14,"column":25}},"7":{"start":{"line":15,"column":2},"end":{"line":15,"column":25}},"8":{"start":{"line":16,"column":2},"end":{"line":16,"column":25}},"9":{"start":{"line":17,"column":2},"end":{"line":17,"column":35}},"10":{"start":{"line":18,"column":2},"end":{"line":18,"column":39}},"11":{"start":{"line":22,"column":2},"end":{"line":22,"column":15}},"12":{"start":{"line":31,"column":2},"end":{"line":31,"column":38}},"13":{"start":{"line":31,"column":20},"end":{"line":31,"column":38}},"14":{"start":{"line":32,"column":2},"end":{"line":32,"column":38}},"15":{"start":{"line":32,"column":20},"end":{"line":32,"column":38}},"16":{"start":{"line":34,"column":2},"end":{"line":35,"column":61}},"17":{"start":{"line":35,"column":3},"end":{"line":35,"column":61}},"18":{"start":{"line":37,"column":2},"end":{"line":37,"column":21}},"19":{"start":{"line":38,"column":2},"end":{"line":38,"column":21}},"20":{"start":{"line":48,"column":2},"end":{"line":48,"column":38}},"21":{"start":{"line":48,"column":20},"end":{"line":48,"column":38}},"22":{"start":{"line":49,"column":2},"end":{"line":49,"column":38}},"23":{"start":{"line":49,"column":20},"end":{"line":49,"column":38}},"24":{"start":{"line":51,"column":2},"end":{"line":52,"column":65}},"25":{"start":{"line":52,"column":3},"end":{"line":52,"column":65}},"26":{"start":{"line":54,"column":2},"end":{"line":54,"column":27}},"27":{"start":{"line":62,"column":2},"end":{"line":62,"column":32}},"28":{"start":{"line":70,"column":2},"end":{"line":70,"column":24}},"29":{"start":{"line":78,"column":2},"end":{"line":78,"column":24}},"30":{"start":{"line":89,"column":2},"end":{"line":89,"column":36}},"31":{"start":{"line":90,"column":2},"end":{"line":90,"column":17}},"32":{"start":{"line":91,"column":2},"end":{"line":91,"column":42}},"33":{"start":{"line":98,"column":2},"end":{"line":98,"column":33}},"34":{"start":{"line":107,"column":2},"end":{"line":109,"column":62}},"35":{"start":{"line":107,"column":22},"end":{"line":107,"column":44}},"36":{"start":{"line":108,"column":7},"end":{"line":109,"column":62}},"37":{"start":{"line":108,"column":29},"end":{"line":108,"column":50}},"38":{"start":{"line":109,"column":7},"end":{"line":109,"column":62}},"39":{"start":{"line":117,"column":2},"end":{"line":117,"column":39}},"40":{"start":{"line":131,"column":2},"end":{"line":131,"column":20}},"41":{"start":{"line":132,"column":2},"end":{"line":132,"column":20}},"42":{"start":{"line":133,"column":2},"end":{"line":133,"column":61}},"43":{"start":{"line":133,"column":48},"end":{"line":133,"column":61}},"44":{"start":{"line":137,"column":14},"end":{"line":137,"column":26}},"45":{"start":{"line":138,"column":14},"end":{"line":138,"column":26}},"46":{"start":{"line":141,"column":2},"end":{"line":141,"column":69}},"47":{"start":{"line":141,"column":56},"end":{"line":141,"column":69}},"48":{"start":{"line":145,"column":2},"end":{"line":156,"column":3}},"49":{"start":{"line":147,"column":3},"end":{"line":147,"column":36}},"50":{"start":{"line":147,"column":23},"end":{"line":147,"column":36}},"51":{"start":{"line":150,"column":3},"end":{"line":150,"column":63}},"52":{"start":{"line":150,"column":51},"end":{"line":150,"column":63}},"53":{"start":{"line":153,"column":3},"end":{"line":153,"column":35}},"54":{"start":{"line":153,"column":22},"end":{"line":153,"column":35}},"55":{"start":{"line":155,"column":3},"end":{"line":155,"column":63}},"56":{"start":{"line":155,"column":51},"end":{"line":155,"column":63}},"57":{"start":{"line":158,"column":2},"end":{"line":158,"column":36}},"58":{"start":{"line":158,"column":23},"end":{"line":158,"column":36}},"59":{"start":{"line":161,"column":2},"end":{"line":161,"column":31}},"60":{"start":{"line":161,"column":18},"end":{"line":161,"column":31}},"61":{"start":{"line":164,"column":2},"end":{"line":164,"column":14}},"62":{"start":{"line":177,"column":14},"end":{"line":177,"column":38}},"63":{"start":{"line":178,"column":14},"end":{"line":178,"column":38}},"64":{"start":{"line":179,"column":2},"end":{"line":179,"column":36}},"65":{"start":{"line":190,"column":2},"end":{"line":190,"column":36}},"66":{"start":{"line":191,"column":2},"end":{"line":191,"column":17}},"67":{"start":{"line":203,"column":2},"end":{"line":203,"column":20}},"68":{"start":{"line":204,"column":2},"end":{"line":204,"column":20}},"69":{"start":{"line":205,"column":2},"end":{"line":205,"column":61}},"70":{"start":{"line":205,"column":48},"end":{"line":205,"column":61}},"71":{"start":{"line":208,"column":2},"end":{"line":212,"column":20}},"72":{"start":{"line":208,"column":24},"end":{"line":208,"column":36}},"73":{"start":{"line":210,"column":7},"end":{"line":212,"column":20}},"74":{"start":{"line":210,"column":29},"end":{"line":210,"column":41}},"75":{"start":{"line":212,"column":7},"end":{"line":212,"column":20}},"76":{"start":{"line":223,"column":2},"end":{"line":223,"column":38}},"77":{"start":{"line":224,"column":2},"end":{"line":224,"column":17}},"78":{"start":{"line":236,"column":2},"end":{"line":236,"column":20}},"79":{"start":{"line":237,"column":2},"end":{"line":237,"column":20}},"80":{"start":{"line":238,"column":2},"end":{"line":238,"column":61}},"81":{"start":{"line":238,"column":48},"end":{"line":238,"column":61}},"82":{"start":{"line":243,"column":2},"end":{"line":246,"column":4}},"83":{"start":{"line":257,"column":2},"end":{"line":257,"column":38}},"84":{"start":{"line":258,"column":2},"end":{"line":258,"column":17}},"85":{"start":{"line":270,"column":2},"end":{"line":270,"column":20}},"86":{"start":{"line":271,"column":2},"end":{"line":271,"column":20}},"87":{"start":{"line":272,"column":2},"end":{"line":272,"column":61}},"88":{"start":{"line":272,"column":48},"end":{"line":272,"column":61}},"89":{"start":{"line":277,"column":2},"end":{"line":277,"column":63}}},"fnMap":{"0":{"name":"(anonymous_0)","decl":{"start":{"line":8,"column":1},"end":{"line":8,"column":2}},"loc":{"start":{"line":8,"column":26},"end":{"line":19,"column":2}},"line":8},"1":{"name":"(anonymous_1)","decl":{"start":{"line":21,"column":1},"end":{"line":21,"column":2}},"loc":{"start":{"line":21,"column":11},"end":{"line":23,"column":2}},"line":21},"2":{"name":"(anonymous_2)","decl":{"start":{"line":30,"column":1},"end":{"line":30,"column":2}},"loc":{"start":{"line":30,"column":14},"end":{"line":39,"column":2}},"line":30},"3":{"name":"(anonymous_3)","decl":{"start":{"line":47,"column":1},"end":{"line":47,"column":2}},"loc":{"start":{"line":47,"column":24},"end":{"line":55,"column":2}},"line":47},"4":{"name":"(anonymous_4)","decl":{"start":{"line":61,"column":1},"end":{"line":61,"column":2}},"loc":{"start":{"line":61,"column":9},"end":{"line":63,"column":2}},"line":61},"5":{"name":"(anonymous_5)","decl":{"start":{"line":69,"column":1},"end":{"line":69,"column":2}},"loc":{"start":{"line":69,"column":5},"end":{"line":71,"column":2}},"line":69},"6":{"name":"(anonymous_6)","decl":{"start":{"line":77,"column":1},"end":{"line":77,"column":2}},"loc":{"start":{"line":77,"column":5},"end":{"line":79,"column":2}},"line":77},"7":{"name":"(anonymous_7)","decl":{"start":{"line":88,"column":1},"end":{"line":88,"column":2}},"loc":{"start":{"line":88,"column":26},"end":{"line":92,"column":2}},"line":88},"8":{"name":"(anonymous_8)","decl":{"start":{"line":97,"column":1},"end":{"line":97,"column":2}},"loc":{"start":{"line":97,"column":20},"end":{"line":99,"column":2}},"line":97},"9":{"name":"(anonymous_9)","decl":{"start":{"line":106,"column":1},"end":{"line":106,"column":2}},"loc":{"start":{"line":106,"column":21},"end":{"line":110,"column":2}},"line":106},"10":{"name":"(anonymous_10)","decl":{"start":{"line":116,"column":1},"end":{"line":116,"column":2}},"loc":{"start":{"line":116,"column":16},"end":{"line":118,"column":2}},"line":116},"11":{"name":"(anonymous_11)","decl":{"start":{"line":130,"column":1},"end":{"line":130,"column":2}},"loc":{"start":{"line":130,"column":35},"end":{"line":165,"column":2}},"line":130},"12":{"name":"(anonymous_12)","decl":{"start":{"line":176,"column":1},"end":{"line":176,"column":2}},"loc":{"start":{"line":176,"column":25},"end":{"line":180,"column":2}},"line":176},"13":{"name":"(anonymous_13)","decl":{"start":{"line":189,"column":1},"end":{"line":189,"column":2}},"loc":{"start":{"line":189,"column":26},"end":{"line":192,"column":2}},"line":189},"14":{"name":"(anonymous_14)","decl":{"start":{"line":202,"column":1},"end":{"line":202,"column":2}},"loc":{"start":{"line":202,"column":17},"end":{"line":213,"column":2}},"line":202},"15":{"name":"(anonymous_15)","decl":{"start":{"line":222,"column":1},"end":{"line":222,"column":2}},"loc":{"start":{"line":222,"column":26},"end":{"line":225,"column":2}},"line":222},"16":{"name":"(anonymous_16)","decl":{"start":{"line":235,"column":1},"end":{"line":235,"column":2}},"loc":{"start":{"line":235,"column":17},"end":{"line":247,"column":2}},"line":235},"17":{"name":"(anonymous_17)","decl":{"start":{"line":256,"column":1},"end":{"line":256,"column":2}},"loc":{"start":{"line":256,"column":26},"end":{"line":259,"column":2}},"line":256},"18":{"name":"(anonymous_18)","decl":{"start":{"line":269,"column":1},"end":{"line":269,"column":2}},"loc":{"start":{"line":269,"column":17},"end":{"line":278,"column":2}},"line":269}},"branchMap":{"0":{"loc":{"start":{"line":8,"column":14},"end":{"line":8,"column":24}},"type":"default-arg","locations":[{"start":{"line":8,"column":22},"end":{"line":8,"column":24}}],"line":8},"1":{"loc":{"start":{"line":9,"column":2},"end":{"line":9,"column":67}},"type":"if","locations":[{"start":{"line":9,"column":2},"end":{"line":9,"column":67}},{"start":{"line":9,"column":2},"end":{"line":9,"column":67}}],"line":9},"2":{"loc":{"start":{"line":9,"column":7},"end":{"line":9,"column":34}},"type":"binary-expr","locations":[{"start":{"line":9,"column":7},"end":{"line":9,"column":14}},{"start":{"line":9,"column":18},"end":{"line":9,"column":34}}],"line":9},"3":{"loc":{"start":{"line":10,"column":2},"end":{"line":10,"column":67}},"type":"if","locations":[{"start":{"line":10,"column":2},"end":{"line":10,"column":67}},{"start":{"line":10,"column":2},"end":{"line":10,"column":67}}],"line":10},"4":{"loc":{"start":{"line":10,"column":7},"end":{"line":10,"column":34}},"type":"binary-expr","locations":[{"start":{"line":10,"column":7},"end":{"line":10,"column":14}},{"start":{"line":10,"column":18},"end":{"line":10,"column":34}}],"line":10},"5":{"loc":{"start":{"line":11,"column":2},"end":{"line":12,"column":61}},"type":"if","locations":[{"start":{"line":11,"column":2},"end":{"line":12,"column":61}},{"start":{"line":11,"column":2},"end":{"line":12,"column":61}}],"line":11},"6":{"loc":{"start":{"line":11,"column":7},"end":{"line":11,"column":57}},"type":"binary-expr","locations":[{"start":{"line":11,"column":7},"end":{"line":11,"column":30}},{"start":{"line":11,"column":34},"end":{"line":11,"column":57}}],"line":11},"7":{"loc":{"start":{"line":31,"column":2},"end":{"line":31,"column":38}},"type":"if","locations":[{"start":{"line":31,"column":2},"end":{"line":31,"column":38}},{"start":{"line":31,"column":2},"end":{"line":31,"column":38}}],"line":31},"8":{"loc":{"start":{"line":32,"column":2},"end":{"line":32,"column":38}},"type":"if","locations":[{"start":{"line":32,"column":2},"end":{"line":32,"column":38}},{"start":{"line":32,"column":2},"end":{"line":32,"column":38}}],"line":32},"9":{"loc":{"start":{"line":34,"column":2},"end":{"line":35,"column":61}},"type":"if","locations":[{"start":{"line":34,"column":2},"end":{"line":35,"column":61}},{"start":{"line":34,"column":2},"end":{"line":35,"column":61}}],"line":34},"10":{"loc":{"start":{"line":34,"column":7},"end":{"line":34,"column":45}},"type":"binary-expr","locations":[{"start":{"line":34,"column":7},"end":{"line":34,"column":24}},{"start":{"line":34,"column":28},"end":{"line":34,"column":45}}],"line":34},"11":{"loc":{"start":{"line":48,"column":2},"end":{"line":48,"column":38}},"type":"if","locations":[{"start":{"line":48,"column":2},"end":{"line":48,"column":38}},{"start":{"line":48,"column":2},"end":{"line":48,"column":38}}],"line":48},"12":{"loc":{"start":{"line":49,"column":2},"end":{"line":49,"column":38}},"type":"if","locations":[{"start":{"line":49,"column":2},"end":{"line":49,"column":38}},{"start":{"line":49,"column":2},"end":{"line":49,"column":38}}],"line":49},"13":{"loc":{"start":{"line":51,"column":2},"end":{"line":52,"column":65}},"type":"if","locations":[{"start":{"line":51,"column":2},"end":{"line":52,"column":65}},{"start":{"line":51,"column":2},"end":{"line":52,"column":65}}],"line":51},"14":{"loc":{"start":{"line":51,"column":7},"end":{"line":51,"column":45}},"type":"binary-expr","locations":[{"start":{"line":51,"column":7},"end":{"line":51,"column":24}},{"start":{"line":51,"column":28},"end":{"line":51,"column":45}}],"line":51},"15":{"loc":{"start":{"line":88,"column":14},"end":{"line":88,"column":24}},"type":"default-arg","locations":[{"start":{"line":88,"column":22},"end":{"line":88,"column":24}}],"line":88},"16":{"loc":{"start":{"line":89,"column":15},"end":{"line":89,"column":35}},"type":"binary-expr","locations":[{"start":{"line":89,"column":15},"end":{"line":89,"column":25}},{"start":{"line":89,"column":29},"end":{"line":89,"column":35}}],"line":89},"17":{"loc":{"start":{"line":91,"column":18},"end":{"line":91,"column":41}},"type":"binary-expr","locations":[{"start":{"line":91,"column":18},"end":{"line":91,"column":32}},{"start":{"line":91,"column":36},"end":{"line":91,"column":41}}],"line":91},"18":{"loc":{"start":{"line":107,"column":2},"end":{"line":109,"column":62}},"type":"if","locations":[{"start":{"line":107,"column":2},"end":{"line":109,"column":62}},{"start":{"line":107,"column":2},"end":{"line":109,"column":62}}],"line":107},"19":{"loc":{"start":{"line":108,"column":7},"end":{"line":109,"column":62}},"type":"if","locations":[{"start":{"line":108,"column":7},"end":{"line":109,"column":62}},{"start":{"line":108,"column":7},"end":{"line":109,"column":62}}],"line":108},"20":{"loc":{"start":{"line":117,"column":9},"end":{"line":117,"column":38}},"type":"cond-expr","locations":[{"start":{"line":117,"column":25},"end":{"line":117,"column":31}},{"start":{"line":117,"column":34},"end":{"line":117,"column":38}}],"line":117},"21":{"loc":{"start":{"line":130,"column":16},"end":{"line":130,"column":32}},"type":"default-arg","locations":[{"start":{"line":130,"column":27},"end":{"line":130,"column":32}}],"line":130},"22":{"loc":{"start":{"line":133,"column":2},"end":{"line":133,"column":61}},"type":"if","locations":[{"start":{"line":133,"column":2},"end":{"line":133,"column":61}},{"start":{"line":133,"column":2},"end":{"line":133,"column":61}}],"line":133},"23":{"loc":{"start":{"line":133,"column":7},"end":{"line":133,"column":45}},"type":"binary-expr","locations":[{"start":{"line":133,"column":7},"end":{"line":133,"column":24}},{"start":{"line":133,"column":28},"end":{"line":133,"column":45}}],"line":133},"24":{"loc":{"start":{"line":141,"column":2},"end":{"line":141,"column":69}},"type":"if","locations":[{"start":{"line":141,"column":2},"end":{"line":141,"column":69}},{"start":{"line":141,"column":2},"end":{"line":141,"column":69}}],"line":141},"25":{"loc":{"start":{"line":141,"column":7},"end":{"line":141,"column":53}},"type":"binary-expr","locations":[{"start":{"line":141,"column":7},"end":{"line":141,"column":28}},{"start":{"line":141,"column":32},"end":{"line":141,"column":53}}],"line":141},"26":{"loc":{"start":{"line":145,"column":2},"end":{"line":156,"column":3}},"type":"if","locations":[{"start":{"line":145,"column":2},"end":{"line":156,"column":3}},{"start":{"line":145,"column":2},"end":{"line":156,"column":3}}],"line":145},"27":{"loc":{"start":{"line":147,"column":3},"end":{"line":147,"column":36}},"type":"if","locations":[{"start":{"line":147,"column":3},"end":{"line":147,"column":36}},{"start":{"line":147,"column":3},"end":{"line":147,"column":36}}],"line":147},"28":{"loc":{"start":{"line":150,"column":3},"end":{"line":150,"column":63}},"type":"if","locations":[{"start":{"line":150,"column":3},"end":{"line":150,"column":63}},{"start":{"line":150,"column":3},"end":{"line":150,"column":63}}],"line":150},"29":{"loc":{"start":{"line":150,"column":8},"end":{"line":150,"column":48}},"type":"binary-expr","locations":[{"start":{"line":150,"column":8},"end":{"line":150,"column":36}},{"start":{"line":150,"column":40},"end":{"line":150,"column":48}}],"line":150},"30":{"loc":{"start":{"line":153,"column":3},"end":{"line":153,"column":35}},"type":"if","locations":[{"start":{"line":153,"column":3},"end":{"line":153,"column":35}},{"start":{"line":153,"column":3},"end":{"line":153,"column":35}}],"line":153},"31":{"loc":{"start":{"line":155,"column":3},"end":{"line":155,"column":63}},"type":"if","locations":[{"start":{"line":155,"column":3},"end":{"line":155,"column":63}},{"start":{"line":155,"column":3},"end":{"line":155,"column":63}}],"line":155},"32":{"loc":{"start":{"line":155,"column":8},"end":{"line":155,"column":48}},"type":"binary-expr","locations":[{"start":{"line":155,"column":8},"end":{"line":155,"column":36}},{"start":{"line":155,"column":40},"end":{"line":155,"column":48}}],"line":155},"33":{"loc":{"start":{"line":158,"column":2},"end":{"line":158,"column":36}},"type":"if","locations":[{"start":{"line":158,"column":2},"end":{"line":158,"column":36}},{"start":{"line":158,"column":2},"end":{"line":158,"column":36}}],"line":158},"34":{"loc":{"start":{"line":161,"column":2},"end":{"line":161,"column":31}},"type":"if","locations":[{"start":{"line":161,"column":2},"end":{"line":161,"column":31}},{"start":{"line":161,"column":2},"end":{"line":161,"column":31}}],"line":161},"35":{"loc":{"start":{"line":179,"column":9},"end":{"line":179,"column":35}},"type":"binary-expr","locations":[{"start":{"line":179,"column":9},"end":{"line":179,"column":20}},{"start":{"line":179,"column":24},"end":{"line":179,"column":35}}],"line":179},"36":{"loc":{"start":{"line":189,"column":14},"end":{"line":189,"column":24}},"type":"default-arg","locations":[{"start":{"line":189,"column":22},"end":{"line":189,"column":24}}],"line":189},"37":{"loc":{"start":{"line":190,"column":15},"end":{"line":190,"column":35}},"type":"binary-expr","locations":[{"start":{"line":190,"column":15},"end":{"line":190,"column":25}},{"start":{"line":190,"column":29},"end":{"line":190,"column":35}}],"line":190},"38":{"loc":{"start":{"line":205,"column":2},"end":{"line":205,"column":61}},"type":"if","locations":[{"start":{"line":205,"column":2},"end":{"line":205,"column":61}},{"start":{"line":205,"column":2},"end":{"line":205,"column":61}}],"line":205},"39":{"loc":{"start":{"line":205,"column":7},"end":{"line":205,"column":45}},"type":"binary-expr","locations":[{"start":{"line":205,"column":7},"end":{"line":205,"column":24}},{"start":{"line":205,"column":28},"end":{"line":205,"column":45}}],"line":205},"40":{"loc":{"start":{"line":208,"column":2},"end":{"line":212,"column":20}},"type":"if","locations":[{"start":{"line":208,"column":2},"end":{"line":212,"column":20}},{"start":{"line":208,"column":2},"end":{"line":212,"column":20}}],"line":208},"41":{"loc":{"start":{"line":210,"column":7},"end":{"line":212,"column":20}},"type":"if","locations":[{"start":{"line":210,"column":7},"end":{"line":212,"column":20}},{"start":{"line":210,"column":7},"end":{"line":212,"column":20}}],"line":210},"42":{"loc":{"start":{"line":222,"column":14},"end":{"line":222,"column":24}},"type":"default-arg","locations":[{"start":{"line":222,"column":22},"end":{"line":222,"column":24}}],"line":222},"43":{"loc":{"start":{"line":223,"column":15},"end":{"line":223,"column":37}},"type":"binary-expr","locations":[{"start":{"line":223,"column":15},"end":{"line":223,"column":25}},{"start":{"line":223,"column":29},"end":{"line":223,"column":37}}],"line":223},"44":{"loc":{"start":{"line":238,"column":2},"end":{"line":238,"column":61}},"type":"if","locations":[{"start":{"line":238,"column":2},"end":{"line":238,"column":61}},{"start":{"line":238,"column":2},"end":{"line":238,"column":61}}],"line":238},"45":{"loc":{"start":{"line":238,"column":7},"end":{"line":238,"column":45}},"type":"binary-expr","locations":[{"start":{"line":238,"column":7},"end":{"line":238,"column":24}},{"start":{"line":238,"column":28},"end":{"line":238,"column":45}}],"line":238},"46":{"loc":{"start":{"line":244,"column":3},"end":{"line":245,"column":69}},"type":"binary-expr","locations":[{"start":{"line":244,"column":5},"end":{"line":244,"column":34}},{"start":{"line":244,"column":38},"end":{"line":244,"column":67}},{"start":{"line":245,"column":5},"end":{"line":245,"column":34}},{"start":{"line":245,"column":38},"end":{"line":245,"column":67}}],"line":244},"47":{"loc":{"start":{"line":256,"column":14},"end":{"line":256,"column":24}},"type":"default-arg","locations":[{"start":{"line":256,"column":22},"end":{"line":256,"column":24}}],"line":256},"48":{"loc":{"start":{"line":257,"column":15},"end":{"line":257,"column":37}},"type":"binary-expr","locations":[{"start":{"line":257,"column":15},"end":{"line":257,"column":25}},{"start":{"line":257,"column":29},"end":{"line":257,"column":37}}],"line":257},"49":{"loc":{"start":{"line":272,"column":2},"end":{"line":272,"column":61}},"type":"if","locations":[{"start":{"line":272,"column":2},"end":{"line":272,"column":61}},{"start":{"line":272,"column":2},"end":{"line":272,"column":61}}],"line":272},"50":{"loc":{"start":{"line":272,"column":7},"end":{"line":272,"column":45}},"type":"binary-expr","locations":[{"start":{"line":272,"column":7},"end":{"line":272,"column":24}},{"start":{"line":272,"column":28},"end":{"line":272,"column":45}}],"line":272}},"s":{"0":399,"1":39,"2":399,"3":45,"4":399,"5":3,"6":396,"7":396,"8":396,"9":396,"10":396,"11":1,"12":107,"13":105,"14":107,"15":105,"16":107,"17":3,"18":104,"19":104,"20":340,"21":4,"22":340,"23":4,"24":340,"25":2,"26":338,"27":6,"28":1505,"29":577,"30":100,"31":100,"32":100,"33":10,"34":16,"35":9,"36":7,"37":6,"38":1,"39":10,"40":40,"41":40,"42":40,"43":2,"44":38,"45":38,"46":38,"47":12,"48":26,"49":13,"50":6,"51":7,"52":3,"53":13,"54":6,"55":7,"56":3,"57":8,"58":2,"59":6,"60":2,"61":4,"62":14,"63":14,"64":14,"65":92,"66":92,"67":21,"68":21,"69":21,"70":3,"71":18,"72":8,"73":10,"74":6,"75":4,"76":93,"77":93,"78":8,"79":8,"80":8,"81":1,"82":7,"83":93,"84":93,"85":12,"86":12,"87":12,"88":1,"89":11},"f":{"0":399,"1":1,"2":107,"3":340,"4":6,"5":1505,"6":577,"7":100,"8":10,"9":16,"10":10,"11":40,"12":14,"13":92,"14":21,"15":93,"16":8,"17":93,"18":12},"b":{"0":[6],"1":[39,360],"2":[399,39],"3":[45,354],"4":[399,45],"5":[3,396],"6":[399,397],"7":[105,2],"8":[105,2],"9":[3,104],"10":[107,105],"11":[4,336],"12":[4,336],"13":[2,338],"14":[340,339],"15":[7],"16":[100,100],"17":[100,59],"18":[9,7],"19":[6,1],"20":[5,5],"21":[2],"22":[2,38],"23":[40,38],"24":[12,26],"25":[38,34],"26":[13,13],"27":[6,7],"28":[3,4],"29":[7,4],"30":[6,7],"31":[3,4],"32":[7,4],"33":[2,6],"34":[2,4],"35":[14,8],"36":[2],"37":[92,92],"38":[3,18],"39":[21,19],"40":[8,10],"41":[6,4],"42":[1],"43":[93,93],"44":[1,7],"45":[8,7],"46":[7,3,4,3],"47":[1],"48":[93,93],"49":[1,11],"50":[12,11]},"_coverageSchema":"1a1c01bbd47fc00a2c39e90264f33305004495a9","hash":"db15a88f52255393215c6ebbfd2a87e942156a49"}
}
