TN:
SF:src/Check4.js
FN:14,(anonymous_0)
FN:18,(anonymous_1)
FN:113,(anonymous_2)
FN:127,(anonymous_3)
FN:135,(anonymous_4)
FN:154,addPieceToState
FN:170,(anonymous_6)
FN:184,(anonymous_7)
FN:224,(anonymous_8)
FN:249,(anonymous_9)
FN:267,(anonymous_10)
FN:277,(anonymous_11)
FN:291,(anonymous_12)
FN:317,(anonymous_13)
FN:334,(anonymous_14)
FN:399,(anonymous_15)
FN:418,(anonymous_16)
FN:433,(anonymous_17)
FN:447,(anonymous_18)
FNF:19
FNH:18
FNDA:43,(anonymous_0)
FNDA:0,(anonymous_1)
FNDA:3,(anonymous_2)
FNDA:114,(anonymous_3)
FNDA:9,(anonymous_4)
FNDA:36,addPieceToState
FNDA:3,(anonymous_6)
FNDA:132,(anonymous_7)
FNDA:393,(anonymous_8)
FNDA:121,(anonymous_9)
FNDA:116,(anonymous_10)
FNDA:114,(anonymous_11)
FNDA:112,(anonymous_12)
FNDA:20,(anonymous_13)
FNDA:16,(anonymous_14)
FNDA:8,(anonymous_15)
FNDA:46,(anonymous_16)
FNDA:98,(anonymous_17)
FNDA:98,(anonymous_18)
DA:15,43
DA:16,1
DA:18,42
DA:21,42
DA:84,42
DA:85,42
DA:86,42
DA:87,42
DA:88,42
DA:89,42
DA:90,42
DA:91,42
DA:92,42
DA:93,42
DA:96,42
DA:97,42
DA:98,42
DA:99,42
DA:100,42
DA:101,42
DA:102,42
DA:103,42
DA:104,42
DA:105,42
DA:106,42
DA:114,3
DA:128,114
DA:136,9
DA:143,9
DA:144,9
DA:145,9
DA:146,9
DA:147,9
DA:148,9
DA:149,9
DA:150,9
DA:152,9
DA:155,36
DA:156,36
DA:157,36
DA:171,3
DA:172,3
DA:185,132
DA:186,132
DA:187,132
DA:188,3
DA:192,129
DA:193,129
DA:194,129
DA:195,447
DA:196,447
DA:200,9
DA:205,438
DA:209,16
DA:214,104
DA:225,393
DA:226,6
DA:227,387
DA:250,121
DA:251,120
DA:252,119
DA:253,119
DA:254,119
DA:255,119
DA:256,119
DA:257,119
DA:258,5
DA:259,114
DA:268,116
DA:269,1
DA:278,114
DA:279,2
DA:280,112
DA:292,112
DA:293,92
DA:294,1
DA:303,91
DA:304,91
DA:305,91
DA:308,20
DA:318,20
DA:319,16
DA:321,4
DA:337,16
DA:338,4
DA:339,4
DA:342,4
DA:343,4
DA:344,4
DA:345,5
DA:346,4
DA:349,1
DA:350,1
DA:352,12
DA:354,6
DA:360,4
DA:361,4
DA:363,4
DA:364,2
DA:365,2
DA:368,0
DA:376,2
DA:377,2
DA:379,2
DA:380,2
DA:381,2
DA:384,0
DA:389,8
DA:400,8
DA:402,8
DA:403,6
DA:404,1
DA:406,5
DA:410,7
DA:411,7
DA:419,46
DA:420,45
DA:421,37
DA:426,46
DA:434,98
DA:435,98
DA:439,98
DA:440,91
DA:449,98
DA:455,91
DA:459,7
DA:460,7
DA:463,7
DA:468,1
DA:471,6
DA:476,1
DA:480,5
DA:486,5
DA:487,12
DA:488,4
DA:492,1
LF:136
LH:134
BRDA:14,0,0,1
BRDA:15,1,0,1
BRDA:15,1,1,42
BRDA:15,2,0,43
BRDA:15,2,1,42
BRDA:18,3,0,42
BRDA:18,3,1,42
BRDA:26,4,0,42
BRDA:26,4,1,2
BRDA:28,5,0,42
BRDA:28,5,1,40
BRDA:34,6,0,42
BRDA:34,6,1,40
BRDA:40,7,0,42
BRDA:40,7,1,40
BRDA:46,8,0,42
BRDA:46,8,1,40
BRDA:53,9,0,42
BRDA:53,9,1,2
BRDA:55,10,0,42
BRDA:55,10,1,40
BRDA:62,11,0,42
BRDA:62,11,1,40
BRDA:68,12,0,42
BRDA:68,12,1,40
BRDA:74,13,0,42
BRDA:74,13,1,40
BRDA:143,14,0,8
BRDA:143,14,1,1
BRDA:144,15,0,4
BRDA:144,15,1,5
BRDA:145,16,0,6
BRDA:145,16,1,3
BRDA:146,17,0,2
BRDA:146,17,1,7
BRDA:147,18,0,3
BRDA:147,18,1,6
BRDA:148,19,0,7
BRDA:148,19,1,2
BRDA:149,20,0,1
BRDA:149,20,1,8
BRDA:150,21,0,5
BRDA:150,21,1,4
BRDA:156,22,0,15
BRDA:156,22,1,21
BRDA:187,23,0,3
BRDA:187,23,1,129
BRDA:187,24,0,132
BRDA:187,24,1,130
BRDA:196,25,0,9
BRDA:196,25,1,438
BRDA:197,26,0,447
BRDA:197,26,1,43
BRDA:205,27,0,16
BRDA:205,27,1,422
BRDA:206,28,0,438
BRDA:206,28,1,31
BRDA:225,29,0,6
BRDA:225,29,1,387
BRDA:227,30,0,387
BRDA:227,30,1,219
BRDA:250,31,0,1
BRDA:250,31,1,120
BRDA:251,32,0,1
BRDA:251,32,1,119
BRDA:253,33,0,72
BRDA:253,33,1,47
BRDA:257,34,0,5
BRDA:257,34,1,114
BRDA:257,35,0,119
BRDA:257,35,1,115
BRDA:268,36,0,115
BRDA:268,36,1,1
BRDA:278,37,0,2
BRDA:278,37,1,112
BRDA:292,38,0,92
BRDA:292,38,1,20
BRDA:293,39,0,1
BRDA:293,39,1,91
BRDA:304,40,0,39
BRDA:304,40,1,52
BRDA:318,41,0,16
BRDA:318,41,1,4
BRDA:337,42,0,4
BRDA:337,42,1,12
BRDA:338,43,0,2
BRDA:338,43,1,2
BRDA:339,44,0,2
BRDA:339,44,1,2
BRDA:345,45,0,4
BRDA:345,45,1,1
BRDA:352,46,0,6
BRDA:352,46,1,6
BRDA:354,47,0,4
BRDA:354,47,1,2
BRDA:360,48,0,2
BRDA:360,48,1,2
BRDA:361,49,0,2
BRDA:361,49,1,2
BRDA:364,50,0,2
BRDA:364,50,1,0
BRDA:376,51,0,1
BRDA:376,51,1,1
BRDA:377,52,0,1
BRDA:377,52,1,1
BRDA:380,53,0,2
BRDA:380,53,1,0
BRDA:402,54,0,6
BRDA:402,54,1,2
BRDA:403,55,0,1
BRDA:403,55,1,5
BRDA:419,56,0,45
BRDA:419,56,1,1
BRDA:420,57,0,8
BRDA:420,57,1,37
BRDA:421,58,0,5
BRDA:421,58,1,32
BRDA:426,59,0,7
BRDA:426,59,1,39
BRDA:434,60,0,55
BRDA:434,60,1,43
BRDA:439,61,0,7
BRDA:439,61,1,91
BRDA:449,62,0,91
BRDA:449,62,1,7
BRDA:450,63,0,98
BRDA:450,63,1,70
BRDA:450,63,2,26
BRDA:450,63,3,8
BRDA:463,64,0,1
BRDA:463,64,1,6
BRDA:464,65,0,7
BRDA:464,65,1,2
BRDA:464,65,2,1
BRDA:471,66,0,1
BRDA:471,66,1,5
BRDA:472,67,0,6
BRDA:472,67,1,1
BRDA:472,67,2,1
BRDA:487,68,0,4
BRDA:487,68,1,8
BRF:141
BRH:139
end_of_record
TN:
SF:src/Check4Errors.js
FN:9,(anonymous_0)
FN:20,(anonymous_1)
FN:32,(anonymous_2)
FN:44,(anonymous_3)
FNF:4
FNH:4
FNDA:39,(anonymous_0)
FNDA:24,(anonymous_1)
FNDA:7,(anonymous_2)
FNDA:6,(anonymous_3)
DA:10,39
DA:11,39
DA:21,24
DA:22,24
DA:23,24
DA:33,7
DA:34,7
DA:35,7
DA:45,6
DA:46,6
DA:47,6
LF:11
LH:11
BRDA:9,0,0,1
BRDA:20,1,0,3
BRDA:20,2,0,23
BRDA:32,3,0,3
BRDA:32,4,0,6
BRDA:44,5,0,3
BRDA:44,6,0,4
BRF:7
BRH:7
end_of_record
TN:
SF:src/Pieces.js
FN:8,(anonymous_0)
FN:21,(anonymous_1)
FN:30,(anonymous_2)
FN:47,(anonymous_3)
FN:61,(anonymous_4)
FN:69,(anonymous_5)
FN:77,(anonymous_6)
FN:88,(anonymous_7)
FN:97,(anonymous_8)
FN:106,(anonymous_9)
FN:116,(anonymous_10)
FN:130,(anonymous_11)
FN:176,(anonymous_12)
FN:189,(anonymous_13)
FN:202,(anonymous_14)
FN:222,(anonymous_15)
FN:235,(anonymous_16)
FN:256,(anonymous_17)
FN:269,(anonymous_18)
FNF:19
FNH:19
FNDA:399,(anonymous_0)
FNDA:1,(anonymous_1)
FNDA:107,(anonymous_2)
FNDA:340,(anonymous_3)
FNDA:6,(anonymous_4)
FNDA:1505,(anonymous_5)
FNDA:577,(anonymous_6)
FNDA:100,(anonymous_7)
FNDA:10,(anonymous_8)
FNDA:16,(anonymous_9)
FNDA:10,(anonymous_10)
FNDA:40,(anonymous_11)
FNDA:14,(anonymous_12)
FNDA:92,(anonymous_13)
FNDA:21,(anonymous_14)
FNDA:93,(anonymous_15)
FNDA:8,(anonymous_16)
FNDA:93,(anonymous_17)
FNDA:12,(anonymous_18)
DA:9,399
DA:10,399
DA:11,399
DA:12,3
DA:14,396
DA:15,396
DA:16,396
DA:17,396
DA:18,396
DA:22,1
DA:31,107
DA:32,107
DA:34,107
DA:35,3
DA:37,104
DA:38,104
DA:48,340
DA:49,340
DA:51,340
DA:52,2
DA:54,338
DA:62,6
DA:70,1505
DA:78,577
DA:89,100
DA:90,100
DA:91,100
DA:98,10
DA:107,16
DA:108,7
DA:109,1
DA:117,10
DA:131,40
DA:132,40
DA:133,40
DA:137,38
DA:138,38
DA:141,38
DA:145,26
DA:147,13
DA:150,7
DA:153,13
DA:155,7
DA:158,8
DA:161,6
DA:164,4
DA:177,14
DA:178,14
DA:179,14
DA:190,92
DA:191,92
DA:203,21
DA:204,21
DA:205,21
DA:208,18
DA:210,10
DA:212,4
DA:223,93
DA:224,93
DA:236,8
DA:237,8
DA:238,8
DA:243,7
DA:257,93
DA:258,93
DA:270,12
DA:271,12
DA:272,12
DA:277,11
LF:69
LH:69
BRDA:8,0,0,6
BRDA:9,1,0,39
BRDA:9,1,1,360
BRDA:9,2,0,399
BRDA:9,2,1,39
BRDA:10,3,0,45
BRDA:10,3,1,354
BRDA:10,4,0,399
BRDA:10,4,1,45
BRDA:11,5,0,3
BRDA:11,5,1,396
BRDA:11,6,0,399
BRDA:11,6,1,397
BRDA:31,7,0,105
BRDA:31,7,1,2
BRDA:32,8,0,105
BRDA:32,8,1,2
BRDA:34,9,0,3
BRDA:34,9,1,104
BRDA:34,10,0,107
BRDA:34,10,1,105
BRDA:48,11,0,4
BRDA:48,11,1,336
BRDA:49,12,0,4
BRDA:49,12,1,336
BRDA:51,13,0,2
BRDA:51,13,1,338
BRDA:51,14,0,340
BRDA:51,14,1,339
BRDA:88,15,0,7
BRDA:89,16,0,100
BRDA:89,16,1,100
BRDA:91,17,0,100
BRDA:91,17,1,59
BRDA:107,18,0,9
BRDA:107,18,1,7
BRDA:108,19,0,6
BRDA:108,19,1,1
BRDA:117,20,0,5
BRDA:117,20,1,5
BRDA:130,21,0,2
BRDA:133,22,0,2
BRDA:133,22,1,38
BRDA:133,23,0,40
BRDA:133,23,1,38
BRDA:141,24,0,12
BRDA:141,24,1,26
BRDA:141,25,0,38
BRDA:141,25,1,34
BRDA:145,26,0,13
BRDA:145,26,1,13
BRDA:147,27,0,6
BRDA:147,27,1,7
BRDA:150,28,0,3
BRDA:150,28,1,4
BRDA:150,29,0,7
BRDA:150,29,1,4
BRDA:153,30,0,6
BRDA:153,30,1,7
BRDA:155,31,0,3
BRDA:155,31,1,4
BRDA:155,32,0,7
BRDA:155,32,1,4
BRDA:158,33,0,2
BRDA:158,33,1,6
BRDA:161,34,0,2
BRDA:161,34,1,4
BRDA:179,35,0,14
BRDA:179,35,1,8
BRDA:189,36,0,2
BRDA:190,37,0,92
BRDA:190,37,1,92
BRDA:205,38,0,3
BRDA:205,38,1,18
BRDA:205,39,0,21
BRDA:205,39,1,19
BRDA:208,40,0,8
BRDA:208,40,1,10
BRDA:210,41,0,6
BRDA:210,41,1,4
BRDA:222,42,0,1
BRDA:223,43,0,93
BRDA:223,43,1,93
BRDA:238,44,0,1
BRDA:238,44,1,7
BRDA:238,45,0,8
BRDA:238,45,1,7
BRDA:244,46,0,7
BRDA:244,46,1,3
BRDA:244,46,2,4
BRDA:244,46,3,3
BRDA:256,47,0,1
BRDA:257,48,0,93
BRDA:257,48,1,93
BRDA:272,49,0,1
BRDA:272,49,1,11
BRDA:272,50,0,12
BRDA:272,50,1,11
BRF:98
BRH:98
end_of_record
