TN:
SF:src/Check4.js
FN:16,(anonymous_0)
FN:20,(anonymous_1)
FN:114,(anonymous_2)
FN:128,(anonymous_3)
FN:136,(anonymous_4)
FN:155,addPieceToState
FN:171,(anonymous_6)
FN:185,(anonymous_7)
FN:225,(anonymous_8)
FN:243,(anonymous_9)
FN:261,(anonymous_10)
FN:271,(anonymous_11)
FN:285,(anonymous_12)
FN:311,(anonymous_13)
FN:328,(anonymous_14)
FN:393,(anonymous_15)
FN:412,(anonymous_16)
FN:427,(anonymous_17)
FN:441,(anonymous_18)
FNF:19
FNH:18
FNDA:43,(anonymous_0)
FNDA:0,(anonymous_1)
FNDA:3,(anonymous_2)
FNDA:114,(anonymous_3)
FNDA:9,(anonymous_4)
FNDA:36,addPieceToState
FNDA:3,(anonymous_6)
FNDA:132,(anonymous_7)
FNDA:393,(anonymous_8)
FNDA:121,(anonymous_9)
FNDA:116,(anonymous_10)
FNDA:114,(anonymous_11)
FNDA:112,(anonymous_12)
FNDA:20,(anonymous_13)
FNDA:16,(anonymous_14)
FNDA:8,(anonymous_15)
FNDA:46,(anonymous_16)
FNDA:98,(anonymous_17)
FNDA:98,(anonymous_18)
DA:17,43
DA:18,1
DA:20,42
DA:22,42
DA:85,42
DA:86,42
DA:87,42
DA:88,42
DA:89,42
DA:90,42
DA:91,42
DA:92,42
DA:93,42
DA:94,42
DA:97,42
DA:98,42
DA:99,42
DA:100,42
DA:101,42
DA:102,42
DA:103,42
DA:104,42
DA:105,42
DA:106,42
DA:107,42
DA:115,3
DA:129,114
DA:137,9
DA:144,9
DA:145,9
DA:146,9
DA:147,9
DA:148,9
DA:149,9
DA:150,9
DA:151,9
DA:153,9
DA:156,36
DA:157,36
DA:158,36
DA:172,3
DA:173,3
DA:186,132
DA:187,132
DA:188,132
DA:189,3
DA:193,129
DA:194,129
DA:195,129
DA:196,447
DA:197,447
DA:201,9
DA:206,438
DA:210,16
DA:215,104
DA:226,393
DA:227,6
DA:228,387
DA:244,121
DA:245,120
DA:246,119
DA:247,119
DA:248,119
DA:249,119
DA:250,119
DA:251,119
DA:252,5
DA:253,114
DA:262,116
DA:263,1
DA:272,114
DA:273,2
DA:274,112
DA:286,112
DA:287,92
DA:288,1
DA:297,91
DA:298,91
DA:299,91
DA:302,20
DA:312,20
DA:313,16
DA:315,4
DA:331,16
DA:332,4
DA:333,4
DA:336,4
DA:337,4
DA:338,4
DA:339,5
DA:340,4
DA:343,1
DA:344,1
DA:346,12
DA:348,6
DA:354,4
DA:355,4
DA:357,4
DA:358,2
DA:359,2
DA:362,0
DA:370,2
DA:371,2
DA:373,2
DA:374,2
DA:375,2
DA:378,0
DA:383,8
DA:394,8
DA:396,8
DA:397,6
DA:398,1
DA:400,5
DA:404,7
DA:405,7
DA:413,46
DA:414,45
DA:415,37
DA:420,46
DA:428,98
DA:429,98
DA:433,98
DA:434,91
DA:443,98
DA:449,91
DA:453,7
DA:454,7
DA:457,7
DA:462,1
DA:465,6
DA:470,1
DA:474,5
DA:480,5
DA:481,12
DA:482,4
DA:486,1
LF:136
LH:134
BRDA:16,0,0,1
BRDA:17,1,0,1
BRDA:17,1,1,42
BRDA:17,2,0,43
BRDA:17,2,1,42
BRDA:20,3,0,42
BRDA:20,3,1,42
BRDA:27,4,0,42
BRDA:27,4,1,2
BRDA:29,5,0,42
BRDA:29,5,1,40
BRDA:35,6,0,42
BRDA:35,6,1,40
BRDA:41,7,0,42
BRDA:41,7,1,40
BRDA:47,8,0,42
BRDA:47,8,1,40
BRDA:54,9,0,42
BRDA:54,9,1,2
BRDA:56,10,0,42
BRDA:56,10,1,40
BRDA:63,11,0,42
BRDA:63,11,1,40
BRDA:69,12,0,42
BRDA:69,12,1,40
BRDA:75,13,0,42
BRDA:75,13,1,40
BRDA:144,14,0,8
BRDA:144,14,1,1
BRDA:145,15,0,4
BRDA:145,15,1,5
BRDA:146,16,0,6
BRDA:146,16,1,3
BRDA:147,17,0,2
BRDA:147,17,1,7
BRDA:148,18,0,3
BRDA:148,18,1,6
BRDA:149,19,0,7
BRDA:149,19,1,2
BRDA:150,20,0,1
BRDA:150,20,1,8
BRDA:151,21,0,5
BRDA:151,21,1,4
BRDA:157,22,0,15
BRDA:157,22,1,21
BRDA:188,23,0,3
BRDA:188,23,1,129
BRDA:188,24,0,132
BRDA:188,24,1,130
BRDA:197,25,0,9
BRDA:197,25,1,438
BRDA:198,26,0,447
BRDA:198,26,1,43
BRDA:206,27,0,16
BRDA:206,27,1,422
BRDA:207,28,0,438
BRDA:207,28,1,31
BRDA:226,29,0,6
BRDA:226,29,1,387
BRDA:228,30,0,387
BRDA:228,30,1,219
BRDA:244,31,0,1
BRDA:244,31,1,120
BRDA:245,32,0,1
BRDA:245,32,1,119
BRDA:247,33,0,72
BRDA:247,33,1,47
BRDA:251,34,0,5
BRDA:251,34,1,114
BRDA:251,35,0,119
BRDA:251,35,1,115
BRDA:262,36,0,115
BRDA:262,36,1,1
BRDA:272,37,0,2
BRDA:272,37,1,112
BRDA:286,38,0,92
BRDA:286,38,1,20
BRDA:287,39,0,1
BRDA:287,39,1,91
BRDA:298,40,0,39
BRDA:298,40,1,52
BRDA:312,41,0,16
BRDA:312,41,1,4
BRDA:331,42,0,4
BRDA:331,42,1,12
BRDA:332,43,0,2
BRDA:332,43,1,2
BRDA:333,44,0,2
BRDA:333,44,1,2
BRDA:339,45,0,4
BRDA:339,45,1,1
BRDA:346,46,0,6
BRDA:346,46,1,6
BRDA:348,47,0,4
BRDA:348,47,1,2
BRDA:354,48,0,2
BRDA:354,48,1,2
BRDA:355,49,0,2
BRDA:355,49,1,2
BRDA:358,50,0,2
BRDA:358,50,1,0
BRDA:370,51,0,1
BRDA:370,51,1,1
BRDA:371,52,0,1
BRDA:371,52,1,1
BRDA:374,53,0,2
BRDA:374,53,1,0
BRDA:396,54,0,6
BRDA:396,54,1,2
BRDA:397,55,0,1
BRDA:397,55,1,5
BRDA:413,56,0,45
BRDA:413,56,1,1
BRDA:414,57,0,8
BRDA:414,57,1,37
BRDA:415,58,0,5
BRDA:415,58,1,32
BRDA:420,59,0,7
BRDA:420,59,1,39
BRDA:428,60,0,55
BRDA:428,60,1,43
BRDA:433,61,0,7
BRDA:433,61,1,91
BRDA:443,62,0,91
BRDA:443,62,1,7
BRDA:444,63,0,98
BRDA:444,63,1,70
BRDA:444,63,2,26
BRDA:444,63,3,8
BRDA:457,64,0,1
BRDA:457,64,1,6
BRDA:458,65,0,7
BRDA:458,65,1,2
BRDA:458,65,2,1
BRDA:465,66,0,1
BRDA:465,66,1,5
BRDA:466,67,0,6
BRDA:466,67,1,1
BRDA:466,67,2,1
BRDA:481,68,0,4
BRDA:481,68,1,8
BRF:141
BRH:139
end_of_record
TN:
SF:src/Check4Errors.js
FN:9,(anonymous_0)
FN:20,(anonymous_1)
FN:32,(anonymous_2)
FN:44,(anonymous_3)
FNF:4
FNH:4
FNDA:39,(anonymous_0)
FNDA:24,(anonymous_1)
FNDA:7,(anonymous_2)
FNDA:6,(anonymous_3)
DA:10,39
DA:11,39
DA:21,24
DA:22,24
DA:23,24
DA:33,7
DA:34,7
DA:35,7
DA:45,6
DA:46,6
DA:47,6
LF:11
LH:11
BRDA:9,0,0,1
BRDA:20,1,0,3
BRDA:20,2,0,23
BRDA:32,3,0,3
BRDA:32,4,0,6
BRDA:44,5,0,3
BRDA:44,6,0,4
BRF:7
BRH:7
end_of_record
TN:
SF:src/MiddlewareStack.js
FN:4,(anonymous_0)
FN:8,(anonymous_1)
FN:12,(anonymous_2)
FN:19,next
FN:27,(anonymous_4)
FN:33,(anonymous_5)
FN:40,(anonymous_6)
FN:53,(anonymous_7)
FNF:8
FNH:8
FNDA:60,(anonymous_0)
FNDA:104,(anonymous_1)
FNDA:131,(anonymous_2)
FNDA:742,next
FNDA:460,(anonymous_4)
FNDA:460,(anonymous_5)
FNDA:88,(anonymous_6)
FNDA:547,(anonymous_7)
DA:5,60
DA:9,104
DA:13,131
DA:14,131
DA:15,131
DA:17,131
DA:20,742
DA:21,742
DA:22,635
DA:23,547
DA:28,460
DA:36,460
DA:37,460
DA:41,88
DA:44,88
DA:46,8
DA:47,8
DA:49,1
DA:54,547
DA:57,547
DA:59,545
DA:60,545
DA:62,91
LF:23
LH:23
BRDA:9,0,0,102
BRDA:9,0,1,2
BRDA:12,1,0,127
BRDA:15,2,0,1
BRDA:15,2,1,130
BRDA:21,3,0,107
BRDA:21,3,1,635
BRDA:22,4,0,88
BRDA:22,4,1,547
BRDA:37,5,0,460
BRDA:37,5,1,38
BRDA:44,6,0,80
BRDA:44,6,1,8
BRDA:57,7,0,2
BRDA:57,7,1,545
BRF:15
BRH:15
end_of_record
TN:
SF:src/Pieces.js
FN:5,(anonymous_0)
FN:18,(anonymous_1)
FN:27,(anonymous_2)
FN:44,(anonymous_3)
FN:58,(anonymous_4)
FN:66,(anonymous_5)
FN:74,(anonymous_6)
FN:84,(anonymous_7)
FN:93,(anonymous_8)
FN:102,(anonymous_9)
FN:112,(anonymous_10)
FN:125,(anonymous_11)
FN:169,(anonymous_12)
FN:181,(anonymous_13)
FN:193,(anonymous_14)
FN:212,(anonymous_15)
FN:224,(anonymous_16)
FN:244,(anonymous_17)
FN:256,(anonymous_18)
FNF:19
FNH:19
FNDA:399,(anonymous_0)
FNDA:1,(anonymous_1)
FNDA:107,(anonymous_2)
FNDA:340,(anonymous_3)
FNDA:6,(anonymous_4)
FNDA:1505,(anonymous_5)
FNDA:577,(anonymous_6)
FNDA:100,(anonymous_7)
FNDA:10,(anonymous_8)
FNDA:16,(anonymous_9)
FNDA:10,(anonymous_10)
FNDA:40,(anonymous_11)
FNDA:14,(anonymous_12)
FNDA:92,(anonymous_13)
FNDA:21,(anonymous_14)
FNDA:93,(anonymous_15)
FNDA:8,(anonymous_16)
FNDA:93,(anonymous_17)
FNDA:12,(anonymous_18)
DA:6,399
DA:7,399
DA:8,399
DA:9,3
DA:11,396
DA:12,396
DA:13,396
DA:14,396
DA:15,396
DA:19,1
DA:28,107
DA:29,107
DA:31,107
DA:32,3
DA:34,104
DA:35,104
DA:45,340
DA:46,340
DA:48,340
DA:49,2
DA:51,338
DA:59,6
DA:67,1505
DA:75,577
DA:85,100
DA:86,100
DA:87,100
DA:94,10
DA:103,16
DA:104,7
DA:105,1
DA:113,10
DA:126,40
DA:127,40
DA:128,40
DA:132,38
DA:133,38
DA:136,38
DA:140,26
DA:142,13
DA:145,7
DA:148,13
DA:150,7
DA:153,8
DA:156,6
DA:159,4
DA:170,14
DA:171,14
DA:172,14
DA:182,92
DA:183,92
DA:194,21
DA:195,21
DA:196,21
DA:199,18
DA:201,10
DA:203,4
DA:213,93
DA:214,93
DA:225,8
DA:226,8
DA:227,8
DA:232,7
DA:245,93
DA:246,93
DA:257,12
DA:258,12
DA:259,12
DA:264,11
LF:69
LH:69
BRDA:5,0,0,6
BRDA:6,1,0,39
BRDA:6,1,1,360
BRDA:6,2,0,399
BRDA:6,2,1,39
BRDA:7,3,0,45
BRDA:7,3,1,354
BRDA:7,4,0,399
BRDA:7,4,1,45
BRDA:8,5,0,3
BRDA:8,5,1,396
BRDA:8,6,0,399
BRDA:8,6,1,397
BRDA:28,7,0,105
BRDA:28,7,1,2
BRDA:29,8,0,105
BRDA:29,8,1,2
BRDA:31,9,0,3
BRDA:31,9,1,104
BRDA:31,10,0,107
BRDA:31,10,1,105
BRDA:45,11,0,4
BRDA:45,11,1,336
BRDA:46,12,0,4
BRDA:46,12,1,336
BRDA:48,13,0,2
BRDA:48,13,1,338
BRDA:48,14,0,340
BRDA:48,14,1,339
BRDA:84,15,0,7
BRDA:85,16,0,100
BRDA:85,16,1,100
BRDA:87,17,0,100
BRDA:87,17,1,59
BRDA:103,18,0,9
BRDA:103,18,1,7
BRDA:104,19,0,6
BRDA:104,19,1,1
BRDA:113,20,0,5
BRDA:113,20,1,5
BRDA:125,21,0,2
BRDA:128,22,0,2
BRDA:128,22,1,38
BRDA:128,23,0,40
BRDA:128,23,1,38
BRDA:136,24,0,12
BRDA:136,24,1,26
BRDA:136,25,0,38
BRDA:136,25,1,34
BRDA:140,26,0,13
BRDA:140,26,1,13
BRDA:142,27,0,6
BRDA:142,27,1,7
BRDA:145,28,0,3
BRDA:145,28,1,4
BRDA:145,29,0,7
BRDA:145,29,1,4
BRDA:148,30,0,6
BRDA:148,30,1,7
BRDA:150,31,0,3
BRDA:150,31,1,4
BRDA:150,32,0,7
BRDA:150,32,1,4
BRDA:153,33,0,2
BRDA:153,33,1,6
BRDA:156,34,0,2
BRDA:156,34,1,4
BRDA:172,35,0,14
BRDA:172,35,1,8
BRDA:181,36,0,2
BRDA:182,37,0,92
BRDA:182,37,1,92
BRDA:196,38,0,3
BRDA:196,38,1,18
BRDA:196,39,0,21
BRDA:196,39,1,19
BRDA:199,40,0,8
BRDA:199,40,1,10
BRDA:201,41,0,6
BRDA:201,41,1,4
BRDA:212,42,0,1
BRDA:213,43,0,93
BRDA:213,43,1,93
BRDA:227,44,0,1
BRDA:227,44,1,7
BRDA:227,45,0,8
BRDA:227,45,1,7
BRDA:233,46,0,7
BRDA:233,46,1,3
BRDA:233,46,2,4
BRDA:233,46,3,3
BRDA:244,47,0,1
BRDA:245,48,0,93
BRDA:245,48,1,93
BRDA:259,49,0,1
BRDA:259,49,1,11
BRDA:259,50,0,12
BRDA:259,50,1,11
BRF:98
BRH:98
end_of_record
